1542012857580	mozrunner::runner	INFO	Running command: "C:\\Program Files (x86)\\Mozilla Firefox\\firefox.exe" "-marionette" "-foreground" "-no-remote" "-profile" "C:\\Users\\Royz\\AppData\\Local\\Temp\\rust_mozprofile.RwY1EUAQzJyd"
1542012893802	mozrunner::runner	INFO	Running command: "C:\\Program Files (x86)\\Mozilla Firefox\\firefox.exe" "-marionette" "-foreground" "-no-remote" "-profile" "C:\\Users\\Royz\\AppData\\Local\\Temp\\rust_mozprofile.P1bshzTCF9J2"
1542012920285	mozrunner::runner	INFO	Running command: "C:\\Program Files (x86)\\Mozilla Firefox\\firefox.exe" "-marionette" "-foreground" "-no-remote" "-profile" "C:\\Users\\Royz\\AppData\\Local\\Temp\\rust_mozprofile.ilhYURmwMnW3"
1542012929695	Marionette	INFO	Listening on port 57736
1542012929999	Marionette	WARN	TLS certificate errors will be ignored for this session
1542012930052	Marionette	DEBUG	[6442450945] Frame script loaded
1542012930112	Marionette	DEBUG	[6442450945] Frame script registered
1542012930142	Marionette	DEBUG	[6442450945] Received DOM event beforeunload for about:blank
1542012932537	Marionette	DEBUG	[6442450945] Received DOM event pagehide for about:blank
1542012936125	Marionette	DEBUG	[6442450945] Received DOM event DOMContentLoaded for https://www.python.org/
1542012936426	Marionette	DEBUG	[6442450945] Received DOM event pageshow for https://www.python.org/
[Parent 13852, Gecko_IOThread] WARNING: pipe error: 109: file z:/build/build/src/ipc/chromium/src/chrome/common/ipc_channel_win.cc, line 346
[Parent 13852, Gecko_IOThread] WARNING: pipe error: 109: file z:/build/build/src/ipc/chromium/src/chrome/common/ipc_channel_win.cc, line 346
1542021939983	Marionette	INFO	Stopped listening on port 57736
[GPU 12812, Chr
###!!! [Child][MessageChannel::SendAndWait] Error: Channel error: cannot send/recv

89	Marionette	DEBUG	[6442450945] Frame script registered
1542012972108	Marionette	DEBUG	[6442450945] Received DOM event beforeunload for about:blank
1542012974317	Marionette	DEBUG	[6442450945] Received DOM event pagehide for about:blank
1542012979852	Marionette	DEBUG	[6442450945] Received DOM event DOMContentLoaded for https://www.kickstarter.com/discover/advanced?category_id=16&woe_id=0&sort=magic&seed=2569455&page=
1542012984611	Marionette	DEBUG	[6442450945] Received observer notification outer-window-destroyed for 6442450956
1542012987756	Marionette	DEBUG	[6442450945] Received DOM event pageshow for https://www.kickstarter.com/discover/advanced?category_id=16&woe_id=0&sort=magic&seed=2569455&page=
[Child 11028, Chrome_ChildThread] WARNING: pipe error: 109: file z:/build/build/src/ipc/chromium/src/chrome/common/ipc_channel_win.cc, line 346
[Child 1102[Parent 2664, Gecko_IOThread] WARNING: pipe error: 109: file z:/build/build/src/ipc/chromium/src/chrome/common/ipc_channel_win.cc, line 346
1542021939337	Marionette	INFO	Stopped listening on port 57845
[GPU 12000, 
###!!! [Child][MessageChannel::SendAndWait] Error: Channel error: cannot send/recv

tte	DEBUG	[6442450945] Frame script registered
1542020769876	Marionette	DEBUG	[6442450945] Received DOM event beforeunload for about:blank
1542020771936	Marionette	DEBUG	[6442450945] Received DOM event pagehide for about:blank
1542020775182	Marionette	DEBUG	[6442450945] Received DOM event DOMContentLoaded for https://www.kickstarter.com/discover/advanced?category_id=16&woe_id=0&sort=magic&seed=2569455&page=
1542020784224	Marionette	DEBUG	[6442450945] Received observer notification outer-window-destroyed for 6442450957
1542020785212	Marionette	DEBUG	[6442450945] Received DOM event pageshow for https://www.kickstarter.com/discover/advanced?category_id=16&woe_id=0&sort=magic&seed=2569455&page=
1542020785552	Marionette	INFO	Stopped listening on port 58750
[Child 14764, Chrome_ChildThread] WARNING: pipe error: 109: file z:/build/build/src/ipc/chromium/src/chrome/common/ipc_channel_win.cc, line 346
[Child 14764, [Parent 15792, Gecko_IOThread] WARNING: pipe error: 109: file z:/build/build/src/ipc/chromium/src/chrome/common/ipc_channel_win.cc, line 346
[Child 14480, Chrome_ChildThread] WARNING: pipe error: 109: file z:/build/build/src/ipc/chromium/src/chrome/common/ipc_channel_win.cc, line 346
[Child 14480, [Parent 15792, Gecko_IOThread] WARNING: pipe error: 109: file z:/build/build/src/ipc/chromium/src/chrome/common/ipc_channel_win.cc, line 346
[Child 16248, Chrome_ChildThread] WARNING: pipe error: 109: file z:/build/build/src/ipc/chromium/src/chrome/common/ipc_channel_win.cc, line 346
[Child[GPU 
###!!! [Child][MessageChannel::SendAndWait] Error: Channel error: cannot send/recv

1542021112982	mozrunner::runner	INFO	Running command: "C:\\Program Files (x86)\\Mozilla Firefox\\firefox.exe" "-marionette" "-foreground" "-no-remote" "-profile" "C:\\Users\\Royz\\AppData\\Local\\Temp\\rust_mozprofile.GLJ82iiwKq9S"
1542021119472	Marionette	INFO	Listening on port 59384
1542021119677	Marionette	WARN	TLS certificate errors will be ignored for this session
1542021119742	Marionette	DEBUG	[6442450945] Frame script loaded
1542021119752	Marionette	DEBUG	[6442450945] Frame script registered
1542021119778	Marionette	DEBUG	[6442450945] Received DOM event beforeunload for about:blank
1542021122060	Marionette	DEBUG	[6442450945] Received DOM event pagehide for about:blank
1542021124512	Marionette	DEBUG	[6442450945] Received DOM event DOMContentLoaded for https://www.kickstarter.com/discover/advanced?category_id=16&woe_id=0&sort=magic&seed=2569455&page=
1542021130705	Marionette	DEBUG	[6442450945] Received observer notification outer-window-destroyed for 6442450956
1542021131696	Marionette	DEBUG	[6442450945] Received DOM event pageshow for https://www.kickstarter.com/discover/advanced?category_id=16&woe_id=0&sort=magic&seed=2569455&page=
[Parent 2384, Gecko_IOThread] WARNING: pipe error: 109: file z:/build/build/src/ipc/chromium/src/chrome/common/ipc_channel_win.cc, line 346
[Child 7672, Chrome_ChildThread] WARNING: pipe error: 109: file z:/build/build/src/ipc/chromium/src/chrome/common/ipc_channel_win.cc, line 346
[Child 7672[Parent 2384, Gecko_IOThread] WARNING: pipe error: 109: file z:/build/build/src/ipc/chromium/src/chrome/common/ipc_channel_win.cc, line 346
1542021938446	Marionette	INFO	Stopped listening on port 59384
[GPU 6620
###!!! [Child][MessageChannel::SendAndWait] Error: Channel error: cannot send/recv

nk
1542021831324	Marionette	DEBUG	[6442450945] Received DOM event pagehide for about:blank
1542021834495	Marionette	DEBUG	[6442450945] Received DOM event DOMContentLoaded for https://www.kickstarter.com/discover/advanced?category_id=16&woe_id=0&sort=magic&seed=2569455&page=1
1542021840374	Marionette	DEBUG	[6442450945] Received observer notification outer-window-destroyed for 6442450955
1542021841454	Marionette	DEBUG	[6442450945] Received DOM event pageshow for https://www.kickstarter.com/discover/advanced?category_id=16&woe_id=0&sort=magic&seed=2569455&page=1
1542021841908	Marionette	DEBUG	[6442450945] Received DOM event beforeunload for https://www.kickstarter.com/discover/advanced?category_id=16&woe_id=0&sort=magic&seed=2569455&page=1
1542021843065	Marionette	DEBUG	[6442450945] Received DOM event pagehide for https://www.kickstarter.com/discover/advanced?category_id=16&woe_id=0&sort=magic&seed=2569455&page=1
1542021843066	Marionette	DEBUG	[6442450945] Received DOM event unload for https://www.kickstarter.com/discover/advanced?category_id=16&woe_id=0&sort=magic&seed=2569455&page=1
1542021844299	Marionette	DEBUG	[6442450945] Received DOM event DOMContentLoaded for https://www.kickstarter.com/discover/advanced?category_id=16&woe_id=0&sort=magic&seed=2569455&page=2
1542021844503	Marionette	DEBUG	[6442450945] Received observer notification outer-window-destroyed for 6442450951
1542021844504	Marionette	DEBUG	[6442450945] Received observer notification outer-window-destroyed for 6442450949
1542021844504	Marionette	DEBUG	[6442450945] Received observer notification outer-window-destroyed for 6442450953
1542021845166	Marionette	DEBUG	[6442450945] Received observer notification outer-window-destroyed for 6442450967
1542021845675	Marionette	DEBUG	[6442450945] Received DOM event pageshow for https://www.kickstarter.com/discover/advanced?category_id=16&woe_id=0&sort=magic&seed=2569455&page=2
1542021846224	Marionette	INFO	Stopped listening on port 60430
[Parent 6208, Gecko_IOThread] WARNING: pipe error: 109: file z:/build/build/src/ipc/chromium/src/chrome/common/ipc_channel_win.cc, line 346
[G
###!!! [Child][MessageChannel::SendAndWait] Error: Channel error: cannot send/recv

1542022281577	mozrunner::runner	INFO	Running command: "C:\\Program Files (x86)\\Mozilla Firefox\\firefox.exe" "-marionette" "-foreground" "-no-remote" "-profile" "C:\\Users\\Royz\\AppData\\Local\\Temp\\rust_mozprofile.d4gP6Fg70pDN"
1542022287792	Marionette	INFO	Listening on port 61114
1542022288141	Marionette	WARN	TLS certificate errors will be ignored for this session
1542022288196	Marionette	DEBUG	[6442450945] Frame script loaded
1542022288198	Marionette	DEBUG	[6442450945] Frame script registered
[Child 14684, Chrome_ChildThread] WARNING: pipe error: 109: file z:/build/build/src/[Child 11400, Chrome_ChildThread] WARNING: pipe error: 109: file z:/build/build/src/ipc/chromium/src/chrome/common/ipc_channel_win.cc, line 346i
pc/chromium/src/chrome/common/ipc_channel_win.cc, line 346
[Child 14684, Chrom[Parent 9212, Gecko_IOThread] WARNING: pipe error: 109: file z:/build/build/src/ipc/chromium/src/chrome/common/ipc_channel_win.cc, line 346
[Child 15856, Chrome_ChildThread] WARNING: pipe error: 109: file z:/build/build/src/ipc/chromium/src/chrome/common/ipc_channel_win.cc, line 346
[Child 1542022334555	mozrunner::runner	INFO	Running command: "C:\\Program Files (x86)\\Mozilla Firefox\\firefox.exe" "-marionette" "-foreground" "-no-remote" "-profile" "C:\\Users\\Royz\\AppData\\Local\\Temp\\rust_mozprofile.LNdX9XeIckfL"
1542022340772	Marionette	INFO	Listening on port 61216
1542022341137	Marionette	WARN	TLS certificate errors will be ignored for this session
1542022341197	Marionette	DEBUG	[6442450945] Frame script loaded
1542022341199	Marionette	DEBUG	[6442450945] Frame script registered
1542022341218	Marionette	DEBUG	[6442450945] Received DOM event beforeunload for about:blank
1542022343438	Marionette	DEBUG	[6442450945] Received DOM event pagehide for about:blank
1542022346634	Marionette	DEBUG	[6442450945] Received DOM event DOMContentLoaded for https://www.kickstarter.com/discover/advanced?category_id=16&woe_id=0&sort=magic&seed=2569455&page=1
1542022348730	Marionette	DEBUG	[6442450945] Received observer notification outer-window-destroyed for 6442450955
1542022349888	Marionette	DEBUG	[6442450945] Received DOM event pageshow for https://www.kickstarter.com/discover/advanced?category_id=16&woe_id=0&sort=magic&seed=2569455&page=1
1542022350291	Marionette	DEBUG	[6442450945] Received DOM event beforeunload for https://www.kickstarter.com/discover/advanced?category_id=16&woe_id=0&sort=magic&seed=2569455&page=1
1542022351335	Marionette	DEBUG	[6442450945] Received DOM event pagehide for https://www.kickstarter.com/discover/advanced?category_id=16&woe_id=0&sort=magic&seed=2569455&page=1
1542022351337	Marionette	DEBUG	[6442450945] Received DOM event unload for https://www.kickstarter.com/discover/advanced?category_id=16&woe_id=0&sort=magic&seed=2569455&page=1
1542022352389	Marionette	DEBUG	[6442450945] Received DOM event DOMContentLoaded for https://www.kickstarter.com/discover/advanced?category_id=16&woe_id=0&sort=magic&seed=2569455&page=2
1542022352560	Marionette	DEBUG	[6442450945] Received observer notification outer-window-destroyed for 6442450951
1542022352560	Marionette	DEBUG	[6442450945] Received observer notification outer-window-destroyed for 6442450949
1542022352560	Marionette	DEBUG	[6442450945] Received observer notification outer-window-destroyed for 6442450953
1542022353133	Marionette	DEBUG	[6442450945] Received DOM event pageshow for https://www.kickstarter.com/discover/advanced?category_id=16&woe_id=0&sort=magic&seed=2569455&page=2
1542022353538	Marionette	INFO	Stopped listening on port 61216
[Parent 9416, Gecko_IOThread] WARNING: pipe error: 109: file z:/build/build/src/ipc/chromium/src/chrome/common/ipc_channel_win.cc, line 346
[Child 15124, Chrome_ChildThread] WARNING: pipe error: 109: file z:/build/build/src/ipc/chromium/src/chrome/common/ipc_channel_win.cc, line 346
[Child 15[Parent 9416, Gecko_IOThread] WARNING: pipe error: 109: file z:/build/build/src/ipc/chromium/src/chrome/common/ipc_channel_win.cc, line 346
[Child 14216, Chrome_ChildThread] WARNING: pipe error: 109: file z:/build/build/src/ipc/chromium/src/chrome/common/ipc_channel_win.cc, line 3[Child 12756, Chrome_ChildThread] WARNING: pipe error: 109: file z:/build/build/src/ipc/chromium/src/chrome/common/ipc_channel_win.cc, line 346
[Child [GPU
###!!! [Child][MessageChannel::SendAndWait] Error: Channel error: cannot send/recv

1542022541454	mozrunner::runner	INFO	Running command: "C:\\Program Files (x86)\\Mozilla Firefox\\firefox.exe" "-marionette" "-foreground" "-no-remote" "-profile" "C:\\Users\\Royz\\AppData\\Local\\Temp\\rust_mozprofile.WWP9nmZkHk2f"
1542022548050	Marionette	INFO	Listening on port 61551
1542022548114	Marionette	WARN	TLS certificate errors will be ignored for this session
1542022548158	Marionette	DEBUG	[6442450945] Frame script loaded
1542022548185	Marionette	DEBUG	[6442450945] Frame script registered
1542022548203	Marionette	DEBUG	[6442450945] Received DOM event beforeunload for about:blank
1542022551901	Marionette	DEBUG	[6442450945] Received DOM event pagehide for about:blank
1542022555535	Marionette	DEBUG	[6442450945] Received DOM event DOMContentLoaded for https://www.kickstarter.com/discover/advanced?category_id=16&woe_id=0&sort=magic&seed=2569455&page=1
1542022557002	Marionette	DEBUG	[6442450945] Received observer notification outer-window-destroyed for 6442450956
1542022558561	Marionette	DEBUG	[6442450945] Received DOM event pageshow for https://www.kickstarter.com/discover/advanced?category_id=16&woe_id=0&sort=magic&seed=2569455&page=1
1542022559015	Marionette	DEBUG	[6442450945] Received DOM event beforeunload for https://www.kickstarter.com/discover/advanced?category_id=16&woe_id=0&sort=magic&seed=2569455&page=1
1542022560175	Marionette	DEBUG	[6442450945] Received DOM event pagehide for https://www.kickstarter.com/discover/advanced?category_id=16&woe_id=0&sort=magic&seed=2569455&page=1
1542022560177	Marionette	DEBUG	[6442450945] Received DOM event unload for https://www.kickstarter.com/discover/advanced?category_id=16&woe_id=0&sort=magic&seed=2569455&page=1
1542022561252	Marionette	DEBUG	[6442450945] Received DOM event DOMContentLoaded for https://www.kickstarter.com/discover/advanced?category_id=16&woe_id=0&sort=magic&seed=2569455&page=2
1542022561428	Marionette	DEBUG	[6442450945] Received observer notification outer-window-destroyed for 6442450951
1542022561429	Marionette	DEBUG	[6442450945] Received observer notification outer-window-destroyed for 6442450949
1542022561429	Marionette	DEBUG	[6442450945] Received observer notification outer-window-destroyed for 6442450954
1542022561986	Marionette	DEBUG	[6442450945] Received DOM event pageshow for https://www.kickstarter.com/discover/advanced?category_id=16&woe_id=0&sort=magic&seed=2569455&page=2
[Parent 14744, Gecko_IOThread] WARNING: pipe error: 109: file z:/build/build/src/ipc/chromium/src/chrome/common/ipc_channel_win.cc, line 346
[Child 3968, Chrome_ChildThread] WARNING: pipe error: 109: file z:/build/build/src/ipc/chromium/src/chrome/common/ipc_channel_win.cc, line 346
[Child 3968, Chrome_ChildThread] WARNING: pipe error[Parent 14744, Gecko_IOThread] WARNING: pipe error: 109: file z:/build/build/src/ipc/chromium/src/chrome/common/ipc_channel_win.cc, line 346
1542022898780	Marionette	INFO	Stopped listening on port 61551
[GPU
###!!! [Child][MessageChannel::SendAndWait] Error: Channel error: cannot send/recv

42450945] Received DOM event pagehide for about:blank
1542022603655	Marionette	DEBUG	[6442450945] Received DOM event DOMContentLoaded for https://www.kickstarter.com/discover/advanced?category_id=16&woe_id=0&sort=magic&seed=2569455&page=1
1542022604678	Marionette	DEBUG	[6442450945] Received observer notification outer-window-destroyed for 6442450955
1542022608169	Marionette	DEBUG	[6442450945] Received observer notification outer-window-destroyed for 6442450953
1542022609478	Marionette	DEBUG	[6442450945] Received DOM event pageshow for https://www.kickstarter.com/discover/advanced?category_id=16&woe_id=0&sort=magic&seed=2569455&page=1
1542022610037	Marionette	DEBUG	[6442450945] Received DOM event beforeunload for https://www.kickstarter.com/discover/advanced?category_id=16&woe_id=0&sort=magic&seed=2569455&page=1
1542022610884	Marionette	DEBUG	[6442450945] Received DOM event pagehide for https://www.kickstarter.com/discover/advanced?category_id=16&woe_id=0&sort=magic&seed=2569455&page=1
1542022610886	Marionette	DEBUG	[6442450945] Received DOM event unload for https://www.kickstarter.com/discover/advanced?category_id=16&woe_id=0&sort=magic&seed=2569455&page=1
1542022611947	Marionette	DEBUG	[6442450945] Received DOM event DOMContentLoaded for https://www.kickstarter.com/discover/advanced?category_id=16&woe_id=0&sort=magic&seed=2569455&page=2
1542022612116	Marionette	DEBUG	[6442450945] Received observer notification outer-window-destroyed for 6442450957
1542022612118	Marionette	DEBUG	[6442450945] Received observer notification outer-window-destroyed for 6442450949
1542022612119	Marionette	DEBUG	[6442450945] Received observer notification outer-window-destroyed for 6442450951
1542022612298	Marionette	DEBUG	[6442450945] Received observer notification outer-window-destroyed for 6442450965
1542022612770	Marionette	DEBUG	[6442450945] Received DOM event pageshow for https://www.kickstarter.com/discover/advanced?category_id=16&woe_id=0&sort=magic&seed=2569455&page=2
[Parent 15824, Gecko_IOThread] WARNING: pipe error: 109: file z:/build/build/src/ipc/chromium/src/chrome/common/ipc_channel_win.cc, line 346
[Parent 15824, Gecko_IOThread] WARNING: pipe error: 109: file z:/build/build/src/ipc/chromium/src/chrome/common/ipc_channel_win.cc, line 346
[Child 3016, Chrome_ChildThread] WARNING: pipe error: 109: file z:/build/build/src/ipc/chromium/src/chrome/common/ipc_channel_win.cc, line 346
[Chil1542022898211	Marionette	INFO	Stopped listening on port 61677
[GP
###!!! [Child][MessageChannel::SendAndWait] Error: Channel error: cannot send/recv

 about:blank
1542022656878	Marionette	DEBUG	[6442450945] Received DOM event pagehide for about:blank
1542022659861	Marionette	DEBUG	[6442450945] Received DOM event DOMContentLoaded for https://www.kickstarter.com/discover/advanced?category_id=16&woe_id=0&sort=magic&seed=2569455&page=1
1542022662520	Marionette	DEBUG	[6442450945] Received observer notification outer-window-destroyed for 6442450953
1542022664232	Marionette	DEBUG	[6442450945] Received DOM event pageshow for https://www.kickstarter.com/discover/advanced?category_id=16&woe_id=0&sort=magic&seed=2569455&page=1
1542022664898	Marionette	DEBUG	[6442450945] Received DOM event beforeunload for https://www.kickstarter.com/discover/advanced?category_id=16&woe_id=0&sort=magic&seed=2569455&page=1
1542022666120	Marionette	DEBUG	[6442450945] Received DOM event pagehide for https://www.kickstarter.com/discover/advanced?category_id=16&woe_id=0&sort=magic&seed=2569455&page=1
1542022666121	Marionette	DEBUG	[6442450945] Received DOM event unload for https://www.kickstarter.com/discover/advanced?category_id=16&woe_id=0&sort=magic&seed=2569455&page=1
1542022667287	Marionette	DEBUG	[6442450945] Received DOM event DOMContentLoaded for https://www.kickstarter.com/discover/advanced?category_id=16&woe_id=0&sort=magic&seed=2569455&page=2
1542022667505	Marionette	DEBUG	[6442450945] Received observer notification outer-window-destroyed for 6442450956
1542022667506	Marionette	DEBUG	[6442450945] Received observer notification outer-window-destroyed for 6442450949
1542022667506	Marionette	DEBUG	[6442450945] Received observer notification outer-window-destroyed for 6442450950
1542022668220	Marionette	DEBUG	[6442450945] Received DOM event pageshow for https://www.kickstarter.com/discover/advanced?category_id=16&woe_id=0&sort=magic&seed=2569455&page=2
1542022668629	Marionette	INFO	Stopped listening on port 61815
[Child 14880, Chrome_ChildThread] WARNING: pipe error: 109: file z:/build/build/src/ipc/chromium/src/chrome/common/ipc_channel_win.cc, line 346
[Chil[Child 14840, Chrome_ChildThread] WARNING: pipe error: 109: file z:/build/build/src/ipc/chromium/src/chrome/common/ipc_channel_win.cc, line 346
[Child 14840, Chrome_ChildThread] WARNIN[Parent 6264, Gecko_IOThread] WARNING: pipe error: 109: file z:/build/build/src/ipc/chromium/src/chrome/common/ipc_channel_win.cc, line 346
[Child 7576, Chrome_ChildThread] WARNING: pipe error: 109: file z:/build/build/src/ipc/chromium/src/chrome/common/ipc_channel_win.cc, line 346
[Child[GP
###!!! [Child][MessageChannel::SendAndWait] Error: Channel error: cannot send/recv

1542022790827	mozrunner::runner	INFO	Running command: "C:\\Program Files (x86)\\Mozilla Firefox\\firefox.exe" "-marionette" "-foreground" "-no-remote" "-profile" "C:\\Users\\Royz\\AppData\\Local\\Temp\\rust_mozprofile.EK5GFqFq2xvT"
1542022797522	Marionette	INFO	Listening on port 62069
1542022797651	Marionette	WARN	TLS certificate errors will be ignored for this session
1542022797698	Marionette	DEBUG	[6442450945] Frame script loaded
1542022797701	Marionette	DEBUG	[6442450945] Frame script registered
1542022797730	Marionette	DEBUG	[6442450945] Received DOM event beforeunload for about:blank
1542022800680	Marionette	DEBUG	[6442450945] Received DOM event pagehide for about:blank
1542022802456	Marionette	DEBUG	[6442450945] Received DOM event DOMContentLoaded for https://www.kickstarter.com/discover/advanced?category_id=16&woe_id=0&sort=magic&seed=2569455&page=1
1542022806620	Marionette	DEBUG	[6442450945] Received observer notification outer-window-destroyed for 6442450953
1542022807931	Marionette	DEBUG	[6442450945] Received DOM event pageshow for https://www.kickstarter.com/discover/advanced?category_id=16&woe_id=0&sort=magic&seed=2569455&page=1
1542022808462	Marionette	DEBUG	[6442450945] Received DOM event beforeunload for https://www.kickstarter.com/discover/advanced?category_id=16&woe_id=0&sort=magic&seed=2569455&page=1
1542022809290	Marionette	DEBUG	[6442450945] Received DOM event pagehide for https://www.kickstarter.com/discover/advanced?category_id=16&woe_id=0&sort=magic&seed=2569455&page=1
1542022809291	Marionette	DEBUG	[6442450945] Received DOM event unload for https://www.kickstarter.com/discover/advanced?category_id=16&woe_id=0&sort=magic&seed=2569455&page=1
1542022810403	Marionette	DEBUG	[6442450945] Received DOM event DOMContentLoaded for https://www.kickstarter.com/discover/advanced?category_id=16&woe_id=0&sort=magic&seed=2569455&page=2
1542022810565	Marionette	DEBUG	[6442450945] Received observer notification outer-window-destroyed for 6442450955
1542022810565	Marionette	DEBUG	[6442450945] Received observer notification outer-window-destroyed for 6442450949
1542022810565	Marionette	DEBUG	[6442450945] Received observer notification outer-window-destroyed for 6442450951
1542022811209	Marionette	DEBUG	[6442450945] Received DOM event pageshow for https://www.kickstarter.com/discover/advanced?category_id=16&woe_id=0&sort=magic&seed=2569455&page=2
1542022811585	Marionette	DEBUG	[6442450945] Received DOM event beforeunload for https://www.kickstarter.com/discover/advanced?category_id=16&woe_id=0&sort=magic&seed=2569455&page=2
1542022812573	Marionette	DEBUG	[6442450945] Received DOM event pagehide for https://www.kickstarter.com/discover/advanced?category_id=16&woe_id=0&sort=magic&seed=2569455&page=2
1542022812574	Marionette	DEBUG	[6442450945] Received DOM event unload for https://www.kickstarter.com/discover/advanced?category_id=16&woe_id=0&sort=magic&seed=2569455&page=2
1542022813638	Marionette	DEBUG	[6442450945] Received DOM event DOMContentLoaded for https://www.kickstarter.com/discover/advanced?category_id=16&woe_id=0&sort=magic&seed=2569455&page=3
1542022813819	Marionette	DEBUG	[6442450945] Received observer notification outer-window-destroyed for 6442450969
1542022813821	Marionette	DEBUG	[6442450945] Received observer notification outer-window-destroyed for 6442450963
1542022813821	Marionette	DEBUG	[6442450945] Received observer notification outer-window-destroyed for 6442450965
1542022814375	Marionette	DEBUG	[6442450945] Received observer notification outer-window-destroyed for 6442450981
1542022816994	Marionette	DEBUG	[6442450945] Received DOM event pageshow for https://www.kickstarter.com/discover/advanced?category_id=16&woe_id=0&sort=magic&seed=2569455&page=3
1542022817425	Marionette	DEBUG	[6442450945] Received DOM event beforeunload for https://www.kickstarter.com/discover/advanced?category_id=16&woe_id=0&sort=magic&seed=2569455&page=3
1542022818691	Marionette	DEBUG	[6442450945] Received DOM event pagehide for https://www.kickstarter.com/discover/advanced?category_id=16&woe_id=0&sort=magic&seed=2569455&page=3
1542022818692	Marionette	DEBUG	[6442450945] Received DOM event unload for https://www.kickstarter.com/discover/advanced?category_id=16&woe_id=0&sort=magic&seed=2569455&page=3
1542022819816	Marionette	DEBUG	[6442450945] Received DOM event DOMContentLoaded for https://www.kickstarter.com/discover/advanced?category_id=16&woe_id=0&sort=magic&seed=2569455&page=4
1542022819990	Marionette	DEBUG	[6442450945] Received observer notification outer-window-destroyed for 6442450984
1542022819990	Marionette	DEBUG	[6442450945] Received observer notification outer-window-destroyed for 6442450977
1542022819990	Marionette	DEBUG	[6442450945] Received observer notification outer-window-destroyed for 6442450979
1542022820499	Marionette	DEBUG	[6442450945] Received observer notification outer-window-destroyed for 6442450995
1542022822308	Marionette	DEBUG	[6442450945] Received DOM event pageshow for https://www.kickstarter.com/discover/advanced?category_id=16&woe_id=0&sort=magic&seed=2569455&page=4
1542022822784	Marionette	DEBUG	[6442450945] Received DOM event beforeunload for https://www.kickstarter.com/discover/advanced?category_id=16&woe_id=0&sort=magic&seed=2569455&page=4
1542022823768	Marionette	DEBUG	[6442450945] Received DOM event pagehide for https://www.kickstarter.com/discover/advanced?category_id=16&woe_id=0&sort=magic&seed=2569455&page=4
1542022823769	Marionette	DEBUG	[6442450945] Received DOM event unload for https://www.kickstarter.com/discover/advanced?category_id=16&woe_id=0&sort=magic&seed=2569455&page=4
1542022824124	Marionette	DEBUG	[6442450945] Received observer notification outer-window-destroyed for 6442450998
1542022824125	Marionette	DEBUG	[6442450945] Received observer notification outer-window-destroyed for 6442450991
1542022824125	Marionette	DEBUG	[6442450945] Received observer notification outer-window-destroyed for 6442450993
1542022824711	Marionette	DEBUG	[6442450945] Received DOM event DOMContentLoaded for https://www.kickstarter.com/discover/advanced?category_id=16&woe_id=0&sort=magic&seed=2569455&page=5
1542022827188	Marionette	DEBUG	[6442450945] Received DOM event pageshow for https://www.kickstarter.com/discover/advanced?category_id=16&woe_id=0&sort=magic&seed=2569455&page=5
1542022827622	Marionette	DEBUG	[6442450945] Received DOM event beforeunload for https://www.kickstarter.com/discover/advanced?category_id=16&woe_id=0&sort=magic&seed=2569455&page=5
1542022828672	Marionette	DEBUG	[6442450945] Received DOM event pagehide for https://www.kickstarter.com/discover/advanced?category_id=16&woe_id=0&sort=magic&seed=2569455&page=5
1542022828674	Marionette	DEBUG	[6442450945] Received DOM event unload for https://www.kickstarter.com/discover/advanced?category_id=16&woe_id=0&sort=magic&seed=2569455&page=5
1542022829037	Marionette	DEBUG	[6442450945] Received observer notification outer-window-destroyed for 6442451006
1542022829037	Marionette	DEBUG	[6442450945] Received observer notification outer-window-destroyed for 6442451005
1542022829038	Marionette	DEBUG	[6442450945] Received observer notification outer-window-destroyed for 6442451011
1542022829600	Marionette	DEBUG	[6442450945] Received DOM event DOMContentLoaded for https://www.kickstarter.com/discover/advanced?category_id=16&woe_id=0&sort=magic&seed=2569455&page=6
1542022831482	Marionette	DEBUG	[6442450945] Received DOM event pageshow for https://www.kickstarter.com/discover/advanced?category_id=16&woe_id=0&sort=magic&seed=2569455&page=6
1542022831868	Marionette	DEBUG	[6442450945] Received DOM event beforeunload for https://www.kickstarter.com/discover/advanced?category_id=16&woe_id=0&sort=magic&seed=2569455&page=6
1542022833030	Marionette	DEBUG	[6442450945] Received DOM event pagehide for https://www.kickstarter.com/discover/advanced?category_id=16&woe_id=0&sort=magic&seed=2569455&page=6
1542022833032	Marionette	DEBUG	[6442450945] Received DOM event unload for https://www.kickstarter.com/discover/advanced?category_id=16&woe_id=0&sort=magic&seed=2569455&page=6
1542022833382	Marionette	DEBUG	[6442450945] Received observer notification outer-window-destroyed for 6442451021
1542022833382	Marionette	DEBUG	[6442450945] Received observer notification outer-window-destroyed for 6442451020
1542022833383	Marionette	DEBUG	[6442450945] Received observer notification outer-window-destroyed for 6442451026
1542022833949	Marionette	DEBUG	[6442450945] Received DOM event DOMContentLoaded for https://www.kickstarter.com/discover/advanced?category_id=16&woe_id=0&sort=magic&seed=2569455&page=7
1542022836321	Marionette	DEBUG	[6442450945] Received DOM event pageshow for https://www.kickstarter.com/discover/advanced?category_id=16&woe_id=0&sort=magic&seed=2569455&page=7
1542022836713	Marionette	DEBUG	[6442450945] Received DOM event beforeunload for https://www.kickstarter.com/discover/advanced?category_id=16&woe_id=0&sort=magic&seed=2569455&page=7
1542022837866	Marionette	DEBUG	[6442450945] Received DOM event pagehide for https://www.kickstarter.com/discover/advanced?category_id=16&woe_id=0&sort=magic&seed=2569455&page=7
1542022837867	Marionette	DEBUG	[6442450945] Received DOM event unload for https://www.kickstarter.com/discover/advanced?category_id=16&woe_id=0&sort=magic&seed=2569455&page=7
1542022838223	Marionette	DEBUG	[6442450945] Received observer notification outer-window-destroyed for 6442451036
1542022838224	Marionette	DEBUG	[6442450945] Received observer notification outer-window-destroyed for 6442451035
1542022838224	Marionette	DEBUG	[6442450945] Received observer notification outer-window-destroyed for 6442451041
1542022838779	Marionette	DEBUG	[6442450945] Received DOM event DOMContentLoaded for https://www.kickstarter.com/discover/advanced?category_id=16&woe_id=0&sort=magic&seed=2569455&page=8
1542022841291	Marionette	DEBUG	[6442450945] Received observer notification outer-window-destroyed for 6442451058
1542022841501	Marionette	DEBUG	[6442450945] Received DOM event pageshow for https://www.kickstarter.com/discover/advanced?category_id=16&woe_id=0&sort=magic&seed=2569455&page=8
1542022841858	Marionette	DEBUG	[6442450945] Received DOM event beforeunload for https://www.kickstarter.com/discover/advanced?category_id=16&woe_id=0&sort=magic&seed=2569455&page=8
1542022842941	Marionette	DEBUG	[6442450945] Received DOM event pagehide for https://www.kickstarter.com/discover/advanced?category_id=16&woe_id=0&sort=magic&seed=2569455&page=8
1542022842942	Marionette	DEBUG	[6442450945] Received DOM event unload for https://www.kickstarter.com/discover/advanced?category_id=16&woe_id=0&sort=magic&seed=2569455&page=8
1542022843301	Marionette	DEBUG	[6442450945] Received observer notification outer-window-destroyed for 6442451051
1542022843302	Marionette	DEBUG	[6442450945] Received observer notification outer-window-destroyed for 6442451050
1542022843302	Marionette	DEBUG	[6442450945] Received observer notification outer-window-destroyed for 6442451056
1542022843868	Marionette	DEBUG	[6442450945] Received DOM event DOMContentLoaded for https://www.kickstarter.com/discover/advanced?category_id=16&woe_id=0&sort=magic&seed=2569455&page=9
1542022845524	Marionette	DEBUG	[6442450945] Received observer notification outer-window-destroyed for 6442451073
1542022845898	Marionette	DEBUG	[6442450945] Received DOM event pageshow for https://www.kickstarter.com/discover/advanced?category_id=16&woe_id=0&sort=magic&seed=2569455&page=9
1542022846275	Marionette	DEBUG	[6442450945] Received DOM event beforeunload for https://www.kickstarter.com/discover/advanced?category_id=16&woe_id=0&sort=magic&seed=2569455&page=9
1542022847501	Marionette	DEBUG	[6442450945] Received DOM event pagehide for https://www.kickstarter.com/discover/advanced?category_id=16&woe_id=0&sort=magic&seed=2569455&page=9
1542022847502	Marionette	DEBUG	[6442450945] Received DOM event unload for https://www.kickstarter.com/discover/advanced?category_id=16&woe_id=0&sort=magic&seed=2569455&page=9
1542022847863	Marionette	DEBUG	[6442450945] Received observer notification outer-window-destroyed for 6442451066
1542022847864	Marionette	DEBUG	[6442450945] Received observer notification outer-window-destroyed for 6442451065
1542022847864	Marionette	DEBUG	[6442450945] Received observer notification outer-window-destroyed for 6442451071
1542022848418	Marionette	DEBUG	[6442450945] Received DOM event DOMContentLoaded for https://www.kickstarter.com/discover/advanced?category_id=16&woe_id=0&sort=magic&seed=2569455&page=10
1542022850294	Marionette	DEBUG	[6442450945] Received DOM event pageshow for https://www.kickstarter.com/discover/advanced?category_id=16&woe_id=0&sort=magic&seed=2569455&page=10
1542022850866	Marionette	DEBUG	[6442450945] Received DOM event beforeunload for https://www.kickstarter.com/discover/advanced?category_id=16&woe_id=0&sort=magic&seed=2569455&page=10
1542022852029	Marionette	DEBUG	[6442450945] Received DOM event pagehide for https://www.kickstarter.com/discover/advanced?category_id=16&woe_id=0&sort=magic&seed=2569455&page=10
1542022852029	Marionette	DEBUG	[6442450945] Received DOM event unload for https://www.kickstarter.com/discover/advanced?category_id=16&woe_id=0&sort=magic&seed=2569455&page=10
1542022852375	Marionette	DEBUG	[6442450945] Received observer notification outer-window-destroyed for 6442451081
1542022852375	Marionette	DEBUG	[6442450945] Received observer notification outer-window-destroyed for 6442451080
1542022852376	Marionette	DEBUG	[6442450945] Received observer notification outer-window-destroyed for 6442451086
1542022852923	Marionette	DEBUG	[6442450945] Received DOM event DOMContentLoaded for https://www.kickstarter.com/discover/advanced?category_id=16&woe_id=0&sort=magic&seed=2569455&page=11
1542022854743	Marionette	DEBUG	[6442450945] Received observer notification outer-window-destroyed for 6442451103
1542022855011	Marionette	DEBUG	[6442450945] Received DOM event pageshow for https://www.kickstarter.com/discover/advanced?category_id=16&woe_id=0&sort=magic&seed=2569455&page=11
1542022855467	Marionette	DEBUG	[6442450945] Received DOM event beforeunload for https://www.kickstarter.com/discover/advanced?category_id=16&woe_id=0&sort=magic&seed=2569455&page=11
1542022856533	Marionette	DEBUG	[6442450945] Received DOM event pagehide for https://www.kickstarter.com/discover/advanced?category_id=16&woe_id=0&sort=magic&seed=2569455&page=11
1542022856535	Marionette	DEBUG	[6442450945] Received DOM event unload for https://www.kickstarter.com/discover/advanced?category_id=16&woe_id=0&sort=magic&seed=2569455&page=11
1542022857428	Marionette	DEBUG	[6442450945] Received DOM event DOMContentLoaded for https://www.kickstarter.com/discover/advanced?category_id=16&woe_id=0&sort=magic&seed=2569455&page=12
1542022857586	Marionette	DEBUG	[6442450945] Received observer notification outer-window-destroyed for 6442451096
1542022857586	Marionette	DEBUG	[6442450945] Received observer notification outer-window-destroyed for 6442451095
1542022857586	Marionette	DEBUG	[6442450945] Received observer notification outer-window-destroyed for 6442451101
1542022858323	Marionette	DEBUG	[6442450945] Received DOM event pageshow for https://www.kickstarter.com/discover/advanced?category_id=16&woe_id=0&sort=magic&seed=2569455&page=12
1542022858830	Marionette	DEBUG	[6442450945] Received DOM event beforeunload for https://www.kickstarter.com/discover/advanced?category_id=16&woe_id=0&sort=magic&seed=2569455&page=12
1542022859845	Marionette	DEBUG	[6442450945] Received DOM event pagehide for https://www.kickstarter.com/discover/advanced?category_id=16&woe_id=0&sort=magic&seed=2569455&page=12
1542022859847	Marionette	DEBUG	[6442450945] Received DOM event unload for https://www.kickstarter.com/discover/advanced?category_id=16&woe_id=0&sort=magic&seed=2569455&page=12
1542022860757	Marionette	DEBUG	[6442450945] Received DOM event DOMContentLoaded for https://www.kickstarter.com/discover/advanced?category_id=16&woe_id=0&sort=magic&seed=2569455&page=13
1542022860938	Marionette	DEBUG	[6442450945] Received observer notification outer-window-destroyed for 6442451111
1542022860938	Marionette	DEBUG	[6442450945] Received observer notification outer-window-destroyed for 6442451110
1542022860939	Marionette	DEBUG	[6442450945] Received observer notification outer-window-destroyed for 6442451116
1542022861904	Marionette	DEBUG	[6442450945] Received DOM event pageshow for https://www.kickstarter.com/discover/advanced?category_id=16&woe_id=0&sort=magic&seed=2569455&page=13
1542022862338	Marionette	INFO	Stopped listening on port 62069
[Child 14484, Chrome_ChildThread] WARNING: pipe error: 109: file z:/build/build/src/ipc/chromium/src/chrome/common/ipc_channel_win.cc, line 346
[Child[Parent 15968, Gecko_IOThread] WARNING: pipe error: 109: file z:/build/build/src/ipc/chromium/src/chrome/common/ipc_channel_win.cc, line 346
[Child 10060, Chrome_ChildThread] WARNING: pipe error: 109: file z:/build/build/src/ipc/chromium/src/chrome/common/ipc_channel_win.cc, line 346
[Child 10060, Chrome_ChildThread] [Parent 15968, Gecko_IOThread] WARNING: pipe error: 109: file z:/build/build/src/ipc/chromium/src/chrome/common/ipc_channel_win.cc, line 346
[Child 15452, Chrome_ChildThread] WARNING: pipe error: 109: file z:/build/build/src/ipc/chromium/src/chrome/common/ipc_channel_win.cc, line 346
[Child [GPU
###!!! [Child][MessageChannel::SendAndWait] Error: Channel error: cannot send/recv

1542023575864	mozrunner::runner	INFO	Running command: "C:\\Program Files (x86)\\Mozilla Firefox\\firefox.exe" "-marionette" "-foreground" "-no-remote" "-profile" "C:\\Users\\Royz\\AppData\\Local\\Temp\\rust_mozprofile.oy0xyRfQuy2W"
1542023582372	Marionette	INFO	Listening on port 63232
1542023582479	Marionette	WARN	TLS certificate errors will be ignored for this session
1542023582525	Marionette	DEBUG	[6442450945] Frame script loaded
1542023582527	Marionette	DEBUG	[6442450945] Frame script registered
1542023582549	Marionette	DEBUG	[6442450945] Received DOM event beforeunload for about:blank
1542023585364	Marionette	DEBUG	[6442450945] Received DOM event pagehide for about:blank
1542023587362	Marionette	DEBUG	[6442450945] Received DOM event DOMContentLoaded for https://www.kickstarter.com/discover/advanced?category_id=16&woe_id=0&sort=magic&seed=2569455&page=1
1542023589936	Marionette	DEBUG	[6442450945] Received observer notification outer-window-destroyed for 6442450953
1542023592154	Marionette	DEBUG	[6442450945] Received DOM event pageshow for https://www.kickstarter.com/discover/advanced?category_id=16&woe_id=0&sort=magic&seed=2569455&page=1
1542023592635	Marionette	DEBUG	[6442450945] Received DOM event beforeunload for https://www.kickstarter.com/discover/advanced?category_id=16&woe_id=0&sort=magic&seed=2569455&page=1
1542023593872	Marionette	DEBUG	[6442450945] Received DOM event pagehide for https://www.kickstarter.com/discover/advanced?category_id=16&woe_id=0&sort=magic&seed=2569455&page=1
1542023593873	Marionette	DEBUG	[6442450945] Received DOM event unload for https://www.kickstarter.com/discover/advanced?category_id=16&woe_id=0&sort=magic&seed=2569455&page=1
1542023595124	Marionette	DEBUG	[6442450945] Received DOM event DOMContentLoaded for https://www.kickstarter.com/discover/advanced?category_id=16&woe_id=0&sort=magic&seed=2569455&page=2
1542023595350	Marionette	DEBUG	[6442450945] Received observer notification outer-window-destroyed for 6442450955
1542023595350	Marionette	DEBUG	[6442450945] Received observer notification outer-window-destroyed for 6442450949
1542023595350	Marionette	DEBUG	[6442450945] Received observer notification outer-window-destroyed for 6442450951
1542023596242	Marionette	DEBUG	[6442450945] Received DOM event pageshow for https://www.kickstarter.com/discover/advanced?category_id=16&woe_id=0&sort=magic&seed=2569455&page=2
1542023596682	Marionette	DEBUG	[6442450945] Received DOM event beforeunload for https://www.kickstarter.com/discover/advanced?category_id=16&woe_id=0&sort=magic&seed=2569455&page=2
1542023597747	Marionette	DEBUG	[6442450945] Received DOM event pagehide for https://www.kickstarter.com/discover/advanced?category_id=16&woe_id=0&sort=magic&seed=2569455&page=2
1542023597748	Marionette	DEBUG	[6442450945] Received DOM event unload for https://www.kickstarter.com/discover/advanced?category_id=16&woe_id=0&sort=magic&seed=2569455&page=2
1542023598842	Marionette	DEBUG	[6442450945] Received DOM event DOMContentLoaded for https://www.kickstarter.com/discover/advanced?category_id=16&woe_id=0&sort=magic&seed=2569455&page=3
1542023599142	Marionette	DEBUG	[6442450945] Received observer notification outer-window-destroyed for 6442450965
1542023599142	Marionette	DEBUG	[6442450945] Received observer notification outer-window-destroyed for 6442450963
1542023599143	Marionette	DEBUG	[6442450945] Received observer notification outer-window-destroyed for 6442450968
1542023599787	Marionette	DEBUG	[6442450945] Received DOM event pageshow for https://www.kickstarter.com/discover/advanced?category_id=16&woe_id=0&sort=magic&seed=2569455&page=3
1542023600312	Marionette	DEBUG	[6442450945] Received DOM event beforeunload for https://www.kickstarter.com/discover/advanced?category_id=16&woe_id=0&sort=magic&seed=2569455&page=3
1542023601380	Marionette	DEBUG	[6442450945] Received DOM event pagehide for https://www.kickstarter.com/discover/advanced?category_id=16&woe_id=0&sort=magic&seed=2569455&page=3
1542023601381	Marionette	DEBUG	[6442450945] Received DOM event unload for https://www.kickstarter.com/discover/advanced?category_id=16&woe_id=0&sort=magic&seed=2569455&page=3
1542023602517	Marionette	DEBUG	[6442450945] Received DOM event DOMContentLoaded for https://www.kickstarter.com/discover/advanced?category_id=16&woe_id=0&sort=magic&seed=2569455&page=4
1542023602721	Marionette	DEBUG	[6442450945] Received observer notification outer-window-destroyed for 6442450979
1542023602721	Marionette	DEBUG	[6442450945] Received observer notification outer-window-destroyed for 6442450977
1542023602722	Marionette	DEBUG	[6442450945] Received observer notification outer-window-destroyed for 6442450984
1542023603323	Marionette	DEBUG	[6442450945] Received DOM event pageshow for https://www.kickstarter.com/discover/advanced?category_id=16&woe_id=0&sort=magic&seed=2569455&page=4
1542023603873	Marionette	DEBUG	[6442450945] Received DOM event beforeunload for https://www.kickstarter.com/discover/advanced?category_id=16&woe_id=0&sort=magic&seed=2569455&page=4
1542023605136	Marionette	DEBUG	[6442450945] Received DOM event pagehide for https://www.kickstarter.com/discover/advanced?category_id=16&woe_id=0&sort=magic&seed=2569455&page=4
1542023605136	Marionette	DEBUG	[6442450945] Received DOM event unload for https://www.kickstarter.com/discover/advanced?category_id=16&woe_id=0&sort=magic&seed=2569455&page=4
1542023605505	Marionette	DEBUG	[6442450945] Received observer notification outer-window-destroyed for 6442450993
1542023605505	Marionette	DEBUG	[6442450945] Received observer notification outer-window-destroyed for 6442450991
1542023605506	Marionette	DEBUG	[6442450945] Received observer notification outer-window-destroyed for 6442450996
1542023606103	Marionette	DEBUG	[6442450945] Received DOM event DOMContentLoaded for https://www.kickstarter.com/discover/advanced?category_id=16&woe_id=0&sort=magic&seed=2569455&page=5
1542023606945	Marionette	DEBUG	[6442450945] Received DOM event pageshow for https://www.kickstarter.com/discover/advanced?category_id=16&woe_id=0&sort=magic&seed=2569455&page=5
1542023607436	Marionette	DEBUG	[6442450945] Received DOM event beforeunload for https://www.kickstarter.com/discover/advanced?category_id=16&woe_id=0&sort=magic&seed=2569455&page=5
1542023608655	Marionette	DEBUG	[6442450945] Received DOM event pagehide for https://www.kickstarter.com/discover/advanced?category_id=16&woe_id=0&sort=magic&seed=2569455&page=5
1542023608657	Marionette	DEBUG	[6442450945] Received DOM event unload for https://www.kickstarter.com/discover/advanced?category_id=16&woe_id=0&sort=magic&seed=2569455&page=5
1542023609321	Marionette	DEBUG	[6442450945] Received observer notification outer-window-destroyed for 6442451007
1542023609321	Marionette	DEBUG	[6442450945] Received observer notification outer-window-destroyed for 6442451005
1542023609322	Marionette	DEBUG	[6442450945] Received observer notification outer-window-destroyed for 6442451010
1542023609565	Marionette	DEBUG	[6442450945] Received DOM event DOMContentLoaded for https://www.kickstarter.com/discover/advanced?category_id=16&woe_id=0&sort=magic&seed=2569455&page=6
1542023610587	Marionette	DEBUG	[6442450945] Received DOM event pageshow for https://www.kickstarter.com/discover/advanced?category_id=16&woe_id=0&sort=magic&seed=2569455&page=6
1542023610982	Marionette	DEBUG	[6442450945] Received DOM event beforeunload for https://www.kickstarter.com/discover/advanced?category_id=16&woe_id=0&sort=magic&seed=2569455&page=6
1542023612131	Marionette	DEBUG	[6442450945] Received DOM event pagehide for https://www.kickstarter.com/discover/advanced?category_id=16&woe_id=0&sort=magic&seed=2569455&page=6
1542023612133	Marionette	DEBUG	[6442450945] Received DOM event unload for https://www.kickstarter.com/discover/advanced?category_id=16&woe_id=0&sort=magic&seed=2569455&page=6
1542023613016	Marionette	DEBUG	[6442450945] Received DOM event DOMContentLoaded for https://www.kickstarter.com/discover/advanced?category_id=16&woe_id=0&sort=magic&seed=2569455&page=7
1542023613155	Marionette	DEBUG	[6442450945] Received observer notification outer-window-destroyed for 6442451020
1542023613155	Marionette	DEBUG	[6442450945] Received observer notification outer-window-destroyed for 6442451019
1542023613155	Marionette	DEBUG	[6442450945] Received observer notification outer-window-destroyed for 6442451025
1542023614407	Marionette	DEBUG	[6442450945] Received DOM event pageshow for https://www.kickstarter.com/discover/advanced?category_id=16&woe_id=0&sort=magic&seed=2569455&page=7
1542023614780	Marionette	DEBUG	[6442450945] Received DOM event beforeunload for https://www.kickstarter.com/discover/advanced?category_id=16&woe_id=0&sort=magic&seed=2569455&page=7
1542023615883	Marionette	DEBUG	[6442450945] Received DOM event pagehide for https://www.kickstarter.com/discover/advanced?category_id=16&woe_id=0&sort=magic&seed=2569455&page=7
1542023615885	Marionette	DEBUG	[6442450945] Received DOM event unload for https://www.kickstarter.com/discover/advanced?category_id=16&woe_id=0&sort=magic&seed=2569455&page=7
1542023616411	Marionette	DEBUG	[6442450945] Received observer notification outer-window-destroyed for 6442451035
1542023616413	Marionette	DEBUG	[6442450945] Received observer notification outer-window-destroyed for 6442451034
1542023616413	Marionette	DEBUG	[6442450945] Received observer notification outer-window-destroyed for 6442451040
1542023616762	Marionette	DEBUG	[6442450945] Received DOM event DOMContentLoaded for https://www.kickstarter.com/discover/advanced?category_id=16&woe_id=0&sort=magic&seed=2569455&page=8
1542023618060	Marionette	DEBUG	[6442450945] Received DOM event pageshow for https://www.kickstarter.com/discover/advanced?category_id=16&woe_id=0&sort=magic&seed=2569455&page=8
1542023618538	Marionette	DEBUG	[6442450945] Received DOM event beforeunload for https://www.kickstarter.com/discover/advanced?category_id=16&woe_id=0&sort=magic&seed=2569455&page=8
1542023619587	Marionette	DEBUG	[6442450945] Received DOM event pagehide for https://www.kickstarter.com/discover/advanced?category_id=16&woe_id=0&sort=magic&seed=2569455&page=8
1542023619588	Marionette	DEBUG	[6442450945] Received DOM event unload for https://www.kickstarter.com/discover/advanced?category_id=16&woe_id=0&sort=magic&seed=2569455&page=8
1542023619953	Marionette	DEBUG	[6442450945] Received observer notification outer-window-destroyed for 6442451050
1542023619954	Marionette	DEBUG	[6442450945] Received observer notification outer-window-destroyed for 6442451049
1542023619954	Marionette	DEBUG	[6442450945] Received observer notification outer-window-destroyed for 6442451055
1542023620534	Marionette	DEBUG	[6442450945] Received DOM event DOMContentLoaded for https://www.kickstarter.com/discover/advanced?category_id=16&woe_id=0&sort=magic&seed=2569455&page=9
1542023621684	Marionette	DEBUG	[6442450945] Received DOM event pageshow for https://www.kickstarter.com/discover/advanced?category_id=16&woe_id=0&sort=magic&seed=2569455&page=9
1542023622144	Marionette	DEBUG	[6442450945] Received DOM event beforeunload for https://www.kickstarter.com/discover/advanced?category_id=16&woe_id=0&sort=magic&seed=2569455&page=9
1542023623184	Marionette	DEBUG	[6442450945] Received DOM event pagehide for https://www.kickstarter.com/discover/advanced?category_id=16&woe_id=0&sort=magic&seed=2569455&page=9
1542023623187	Marionette	DEBUG	[6442450945] Received DOM event unload for https://www.kickstarter.com/discover/advanced?category_id=16&woe_id=0&sort=magic&seed=2569455&page=9
1542023623706	Marionette	DEBUG	[6442450945] Received observer notification outer-window-destroyed for 6442451065
1542023623707	Marionette	DEBUG	[6442450945] Received observer notification outer-window-destroyed for 6442451064
1542023623707	Marionette	DEBUG	[6442450945] Received observer notification outer-window-destroyed for 6442451070
1542023624048	Marionette	DEBUG	[6442450945] Received DOM event DOMContentLoaded for https://www.kickstarter.com/discover/advanced?category_id=16&woe_id=0&sort=magic&seed=2569455&page=10
1542023625145	Marionette	DEBUG	[6442450945] Received DOM event pageshow for https://www.kickstarter.com/discover/advanced?category_id=16&woe_id=0&sort=magic&seed=2569455&page=10
1542023625658	Marionette	DEBUG	[6442450945] Received DOM event beforeunload for https://www.kickstarter.com/discover/advanced?category_id=16&woe_id=0&sort=magic&seed=2569455&page=10
1542023626684	Marionette	DEBUG	[6442450945] Received DOM event pagehide for https://www.kickstarter.com/discover/advanced?category_id=16&woe_id=0&sort=magic&seed=2569455&page=10
1542023626686	Marionette	DEBUG	[6442450945] Received DOM event unload for https://www.kickstarter.com/discover/advanced?category_id=16&woe_id=0&sort=magic&seed=2569455&page=10
1542023627202	Marionette	DEBUG	[6442450945] Received observer notification outer-window-destroyed for 6442451080
1542023627203	Marionette	DEBUG	[6442450945] Received observer notification outer-window-destroyed for 6442451079
1542023627203	Marionette	DEBUG	[6442450945] Received observer notification outer-window-destroyed for 6442451085
1542023627564	Marionette	DEBUG	[6442450945] Received DOM event DOMContentLoaded for https://www.kickstarter.com/discover/advanced?category_id=16&woe_id=0&sort=magic&seed=2569455&page=11
1542023628566	Marionette	DEBUG	[6442450945] Received DOM event pageshow for https://www.kickstarter.com/discover/advanced?category_id=16&woe_id=0&sort=magic&seed=2569455&page=11
1542023629064	Marionette	DEBUG	[6442450945] Received DOM event beforeunload for https://www.kickstarter.com/discover/advanced?category_id=16&woe_id=0&sort=magic&seed=2569455&page=11
1542023630077	Marionette	DEBUG	[6442450945] Received DOM event pagehide for https://www.kickstarter.com/discover/advanced?category_id=16&woe_id=0&sort=magic&seed=2569455&page=11
1542023630079	Marionette	DEBUG	[6442450945] Received DOM event unload for https://www.kickstarter.com/discover/advanced?category_id=16&woe_id=0&sort=magic&seed=2569455&page=11
1542023630414	Marionette	DEBUG	[6442450945] Received observer notification outer-window-destroyed for 6442451095
1542023630415	Marionette	DEBUG	[6442450945] Received observer notification outer-window-destroyed for 6442451094
1542023630415	Marionette	DEBUG	[6442450945] Received observer notification outer-window-destroyed for 6442451100
1542023630999	Marionette	DEBUG	[6442450945] Received DOM event DOMContentLoaded for https://www.kickstarter.com/discover/advanced?category_id=16&woe_id=0&sort=magic&seed=2569455&page=12
1542023631927	Marionette	DEBUG	[6442450945] Received DOM event pageshow for https://www.kickstarter.com/discover/advanced?category_id=16&woe_id=0&sort=magic&seed=2569455&page=12
1542023632482	Marionette	DEBUG	[6442450945] Received DOM event beforeunload for https://www.kickstarter.com/discover/advanced?category_id=16&woe_id=0&sort=magic&seed=2569455&page=12
1542023633579	Marionette	DEBUG	[6442450945] Received DOM event pagehide for https://www.kickstarter.com/discover/advanced?category_id=16&woe_id=0&sort=magic&seed=2569455&page=12
1542023633579	Marionette	DEBUG	[6442450945] Received DOM event unload for https://www.kickstarter.com/discover/advanced?category_id=16&woe_id=0&sort=magic&seed=2569455&page=12
1542023634008	Marionette	DEBUG	[6442450945] Received observer notification outer-window-destroyed for 6442451110
1542023634009	Marionette	DEBUG	[6442450945] Received observer notification outer-window-destroyed for 6442451109
1542023634009	Marionette	DEBUG	[6442450945] Received observer notification outer-window-destroyed for 6442451115
1542023634611	Marionette	DEBUG	[6442450945] Received DOM event DOMContentLoaded for https://www.kickstarter.com/discover/advanced?category_id=16&woe_id=0&sort=magic&seed=2569455&page=13
1542023635607	Marionette	DEBUG	[6442450945] Received DOM event pageshow for https://www.kickstarter.com/discover/advanced?category_id=16&woe_id=0&sort=magic&seed=2569455&page=13
1542023636177	Marionette	INFO	Stopped listening on port 63232
[Parent 5408, Gecko_IOThread] WARNING: pipe error: 109: file z:/build/build/src/ipc/chromium/src/chrome/common/ipc_channel_win.cc, line 346
[Child 9516, Chrome_ChildThread] WARNING: pipe error: 109: file z:/build/build/src/ipc/chromium/src/chrome/common/ipc_channel_win.cc, line 346
[Child 9516, Chrome_ChildThread] WARNING: pipe error: 109: file z:/build/build/src/ipc/chromium/src/chrome/common/ipc_channel_win.cc, line 346
[Parent 5408, Gecko_IOThread] WARNING: pipe error: 109: file z:/build/build/src/ipc/chromium/src/chrome/common/ipc_channel_win.cc, line 346
[Child 14884, Chrome_ChildThread] WARNING: pipe error: 109: file z:/build/build/src/ipc/chromium/src/chrome/common/ipc_channel_win.cc, line 346
[Child 14884, Chrome_Ch[Parent 5408, Gecko_IOThread] WARNING: pipe error: 109: file z:/build/build/src/ipc/chromium/src/chrome/common/ipc_channel_win.cc, line 346
[G
###!!! [Child][MessageChannel::SendAndWait] Error: Channel error: cannot send/recv

1542028151071	mozrunner::runner	INFO	Running command: "C:\\Program Files (x86)\\Mozilla Firefox\\firefox.exe" "-marionette" "-foreground" "-no-remote" "-profile" "C:\\Users\\Royz\\AppData\\Local\\Temp\\rust_mozprofile.NI1tEN9J2Gjn"
[Parent 12744, Gecko_IOThread] WARNING: pipe error: 109: file z:/build/build/src/ipc/chromium/src/chrome/common/ipc_channel_win.cc, line 346
[Child 14500, Chrome_ChildThread] WARNING: pipe error: 109: file z:/build/build/src/ipc/chromium/src/chrome/common/ipc_channel_win.cc, line 346
[Child 14500, Chrome_ChildThread] WARNING: pipe error: 109: file z:/build/build/src/ipc/chromium/src/chrome/common/ipc_channel_win.cc, line 346
1542028203352	Marionette	INFO	Listening on port 53146
1542028208335	Marionette	WARN	TLS certificate errors will be ignored for this session
1542028208987	Marionette	DEBUG	[6442450945] Frame script loaded
1542028209746	Marionette	DEBUG	[6442450945] Frame script registered
1542028212920	Marionette	DEBUG	[6442450945] Received DOM event beforeunload for about:blank
1542028215404	Marionette	DEBUG	[6442450945] Received DOM event pagehide for about:blank
1542028223051	Marionette	DEBUG	[6442450945] Received DOM event DOMContentLoaded for https://www.kickstarter.com/discover/advanced?category_id=16&woe_id=0&sort=magic&seed=2569455&page=1
1542028231462	Marionette	DEBUG	[6442450945] Received observer notification outer-window-destroyed for 6442450956
1542028233529	Marionette	DEBUG	[6442450945] Received DOM event pageshow for https://www.kickstarter.com/discover/advanced?category_id=16&woe_id=0&sort=magic&seed=2569455&page=1
1542028234343	Marionette	DEBUG	[6442450945] Received DOM event beforeunload for https://www.kickstarter.com/discover/advanced?category_id=16&woe_id=0&sort=magic&seed=2569455&page=1
1542028235364	Marionette	DEBUG	[6442450945] Received DOM event pagehide for https://www.kickstarter.com/discover/advanced?category_id=16&woe_id=0&sort=magic&seed=2569455&page=1
1542028235366	Marionette	DEBUG	[6442450945] Received DOM event unload for https://www.kickstarter.com/discover/advanced?category_id=16&woe_id=0&sort=magic&seed=2569455&page=1
1542028236690	Marionette	DEBUG	[6442450945] Received DOM event DOMContentLoaded for https://www.kickstarter.com/discover/advanced?category_id=16&woe_id=0&sort=magic&seed=2569455&page=2
1542028236855	Marionette	DEBUG	[6442450945] Received observer notification outer-window-destroyed for 6442450951
1542028236855	Marionette	DEBUG	[6442450945] Received observer notification outer-window-destroyed for 6442450949
1542028236855	Marionette	DEBUG	[6442450945] Received observer notification outer-window-destroyed for 6442450954
1542028237428	Marionette	DEBUG	[6442450945] Received DOM event pageshow for https://www.kickstarter.com/discover/advanced?category_id=16&woe_id=0&sort=magic&seed=2569455&page=2
1542028237857	Marionette	DEBUG	[6442450945] Received DOM event beforeunload for https://www.kickstarter.com/discover/advanced?category_id=16&woe_id=0&sort=magic&seed=2569455&page=2
1542028238988	Marionette	DEBUG	[6442450945] Received DOM event pagehide for https://www.kickstarter.com/discover/advanced?category_id=16&woe_id=0&sort=magic&seed=2569455&page=2
1542028238992	Marionette	DEBUG	[6442450945] Received DOM event unload for https://www.kickstarter.com/discover/advanced?category_id=16&woe_id=0&sort=magic&seed=2569455&page=2
1542028240010	Marionette	DEBUG	[6442450945] Received DOM event DOMContentLoaded for https://www.kickstarter.com/discover/advanced?category_id=16&woe_id=0&sort=magic&seed=2569455&page=3
1542028240190	Marionette	DEBUG	[6442450945] Received observer notification outer-window-destroyed for 6442450965
1542028240190	Marionette	DEBUG	[6442450945] Received observer notification outer-window-destroyed for 6442450963
1542028240190	Marionette	DEBUG	[6442450945] Received observer notification outer-window-destroyed for 6442450968
1542028240754	Marionette	DEBUG	[6442450945] Received observer notification outer-window-destroyed for 6442450981
1542028241134	Marionette	DEBUG	[6442450945] Received DOM event pageshow for https://www.kickstarter.com/discover/advanced?category_id=16&woe_id=0&sort=magic&seed=2569455&page=3
1542028241520	Marionette	DEBUG	[6442450945] Received DOM event beforeunload for https://www.kickstarter.com/discover/advanced?category_id=16&woe_id=0&sort=magic&seed=2569455&page=3
1542028242611	Marionette	DEBUG	[6442450945] Received DOM event pagehide for https://www.kickstarter.com/discover/advanced?category_id=16&woe_id=0&sort=magic&seed=2569455&page=3
1542028242612	Marionette	DEBUG	[6442450945] Received DOM event unload for https://www.kickstarter.com/discover/advanced?category_id=16&woe_id=0&sort=magic&seed=2569455&page=3
1542028244707	Marionette	DEBUG	[6442450945] Received DOM event DOMContentLoaded for https://www.kickstarter.com/discover/advanced?category_id=16&woe_id=0&sort=magic&seed=2569455&page=4
1542028244909	Marionette	DEBUG	[6442450945] Received observer notification outer-window-destroyed for 6442450984
1542028244909	Marionette	DEBUG	[6442450945] Received observer notification outer-window-destroyed for 6442450987
1542028244910	Marionette	DEBUG	[6442450945] Received observer notification outer-window-destroyed for 6442450977
1542028244911	Marionette	DEBUG	[6442450945] Received observer notification outer-window-destroyed for 6442450979
1542028245485	Marionette	DEBUG	[6442450945] Received DOM event pageshow for https://www.kickstarter.com/discover/advanced?category_id=16&woe_id=0&sort=magic&seed=2569455&page=4
1542028246126	Marionette	DEBUG	[6442450945] Received DOM event beforeunload for https://www.kickstarter.com/discover/advanced?category_id=16&woe_id=0&sort=magic&seed=2569455&page=4
1542028247511	Marionette	DEBUG	[6442450945] Received DOM event pagehide for https://www.kickstarter.com/discover/advanced?category_id=16&woe_id=0&sort=magic&seed=2569455&page=4
1542028247512	Marionette	DEBUG	[6442450945] Received DOM event unload for https://www.kickstarter.com/discover/advanced?category_id=16&woe_id=0&sort=magic&seed=2569455&page=4
1542028247837	Marionette	DEBUG	[6442450945] Received observer notification outer-window-destroyed for 6442450992
1542028247837	Marionette	DEBUG	[6442450945] Received observer notification outer-window-destroyed for 6442450990
1542028247837	Marionette	DEBUG	[6442450945] Received observer notification outer-window-destroyed for 6442450995
1542028248380	Marionette	DEBUG	[6442450945] Received DOM event DOMContentLoaded for https://www.kickstarter.com/discover/advanced?category_id=16&woe_id=0&sort=magic&seed=2569455&page=5
1542028249417	Marionette	DEBUG	[6442450945] Received DOM event pageshow for https://www.kickstarter.com/discover/advanced?category_id=16&woe_id=0&sort=magic&seed=2569455&page=5
1542028249910	Marionette	DEBUG	[6442450945] Received DOM event beforeunload for https://www.kickstarter.com/discover/advanced?category_id=16&woe_id=0&sort=magic&seed=2569455&page=5
1542028250961	Marionette	DEBUG	[6442450945] Received DOM event pagehide for https://www.kickstarter.com/discover/advanced?category_id=16&woe_id=0&sort=magic&seed=2569455&page=5
1542028250962	Marionette	DEBUG	[6442450945] Received DOM event unload for https://www.kickstarter.com/discover/advanced?category_id=16&woe_id=0&sort=magic&seed=2569455&page=5
1542028251331	Marionette	DEBUG	[6442450945] Received observer notification outer-window-destroyed for 6442451005
1542028251332	Marionette	DEBUG	[6442450945] Received observer notification outer-window-destroyed for 6442451004
1542028251332	Marionette	DEBUG	[6442450945] Received observer notification outer-window-destroyed for 6442451010
1542028251876	Marionette	DEBUG	[6442450945] Received DOM event DOMContentLoaded for https://www.kickstarter.com/discover/advanced?category_id=16&woe_id=0&sort=magic&seed=2569455&page=6
1542028252767	Marionette	DEBUG	[6442450945] Received DOM event pageshow for https://www.kickstarter.com/discover/advanced?category_id=16&woe_id=0&sort=magic&seed=2569455&page=6
1542028253318	Marionette	DEBUG	[6442450945] Received DOM event beforeunload for https://www.kickstarter.com/discover/advanced?category_id=16&woe_id=0&sort=magic&seed=2569455&page=6
1542028254471	Marionette	DEBUG	[6442450945] Received DOM event pagehide for https://www.kickstarter.com/discover/advanced?category_id=16&woe_id=0&sort=magic&seed=2569455&page=6
1542028254472	Marionette	DEBUG	[6442450945] Received DOM event unload for https://www.kickstarter.com/discover/advanced?category_id=16&woe_id=0&sort=magic&seed=2569455&page=6
1542028255444	Marionette	DEBUG	[6442450945] Received DOM event DOMContentLoaded for https://www.kickstarter.com/discover/advanced?category_id=16&woe_id=0&sort=magic&seed=2569455&page=7
1542028255604	Marionette	DEBUG	[6442450945] Received observer notification outer-window-destroyed for 6442451021
1542028255605	Marionette	DEBUG	[6442450945] Received observer notification outer-window-destroyed for 6442451019
1542028255605	Marionette	DEBUG	[6442450945] Received observer notification outer-window-destroyed for 6442451024
1542028256321	Marionette	DEBUG	[6442450945] Received DOM event pageshow for https://www.kickstarter.com/discover/advanced?category_id=16&woe_id=0&sort=magic&seed=2569455&page=7
1542028256721	Marionette	DEBUG	[6442450945] Received DOM event beforeunload for https://www.kickstarter.com/discover/advanced?category_id=16&woe_id=0&sort=magic&seed=2569455&page=7
1542028257700	Marionette	DEBUG	[6442450945] Received DOM event pagehide for https://www.kickstarter.com/discover/advanced?category_id=16&woe_id=0&sort=magic&seed=2569455&page=7
1542028257701	Marionette	DEBUG	[6442450945] Received DOM event unload for https://www.kickstarter.com/discover/advanced?category_id=16&woe_id=0&sort=magic&seed=2569455&page=7
1542028258032	Marionette	DEBUG	[6442450945] Received observer notification outer-window-destroyed for 6442451034
1542028258032	Marionette	DEBUG	[6442450945] Received observer notification outer-window-destroyed for 6442451033
1542028258033	Marionette	DEBUG	[6442450945] Received observer notification outer-window-destroyed for 6442451039
1542028258574	Marionette	DEBUG	[6442450945] Received DOM event DOMContentLoaded for https://www.kickstarter.com/discover/advanced?category_id=16&woe_id=0&sort=magic&seed=2569455&page=8
1542028259613	Marionette	DEBUG	[6442450945] Received DOM event pageshow for https://www.kickstarter.com/discover/advanced?category_id=16&woe_id=0&sort=magic&seed=2569455&page=8
1542028260036	Marionette	DEBUG	[6442450945] Received DOM event beforeunload for https://www.kickstarter.com/discover/advanced?category_id=16&woe_id=0&sort=magic&seed=2569455&page=8
1542028261036	Marionette	DEBUG	[6442450945] Received DOM event pagehide for https://www.kickstarter.com/discover/advanced?category_id=16&woe_id=0&sort=magic&seed=2569455&page=8
1542028261037	Marionette	DEBUG	[6442450945] Received DOM event unload for https://www.kickstarter.com/discover/advanced?category_id=16&woe_id=0&sort=magic&seed=2569455&page=8
1542028261366	Marionette	DEBUG	[6442450945] Received observer notification outer-window-destroyed for 6442451049
1542028261367	Marionette	DEBUG	[6442450945] Received observer notification outer-window-destroyed for 6442451048
1542028261367	Marionette	DEBUG	[6442450945] Received observer notification outer-window-destroyed for 6442451054
1542028261911	Marionette	DEBUG	[6442450945] Received DOM event DOMContentLoaded for https://www.kickstarter.com/discover/advanced?category_id=16&woe_id=0&sort=magic&seed=2569455&page=9
1542028263077	Marionette	DEBUG	[6442450945] Received DOM event pageshow for https://www.kickstarter.com/discover/advanced?category_id=16&woe_id=0&sort=magic&seed=2569455&page=9
1542028263475	Marionette	DEBUG	[6442450945] Received DOM event beforeunload for https://www.kickstarter.com/discover/advanced?category_id=16&woe_id=0&sort=magic&seed=2569455&page=9
1542028264511	Marionette	DEBUG	[6442450945] Received DOM event pagehide for https://www.kickstarter.com/discover/advanced?category_id=16&woe_id=0&sort=magic&seed=2569455&page=9
1542028264512	Marionette	DEBUG	[6442450945] Received DOM event unload for https://www.kickstarter.com/discover/advanced?category_id=16&woe_id=0&sort=magic&seed=2569455&page=9
1542028264777	Marionette	DEBUG	[6442450945] Received observer notification outer-window-destroyed for 6442451064
1542028264778	Marionette	DEBUG	[6442450945] Received observer notification outer-window-destroyed for 6442451063
1542028264778	Marionette	DEBUG	[6442450945] Received observer notification outer-window-destroyed for 6442451069
1542028265608	Marionette	DEBUG	[6442450945] Received DOM event DOMContentLoaded for https://www.kickstarter.com/discover/advanced?category_id=16&woe_id=0&sort=magic&seed=2569455&page=10
1542028266506	Marionette	DEBUG	[6442450945] Received DOM event pageshow for https://www.kickstarter.com/discover/advanced?category_id=16&woe_id=0&sort=magic&seed=2569455&page=10
1542028266863	Marionette	DEBUG	[6442450945] Received DOM event beforeunload for https://www.kickstarter.com/discover/advanced?category_id=16&woe_id=0&sort=magic&seed=2569455&page=10
1542028267926	Marionette	DEBUG	[6442450945] Received DOM event pagehide for https://www.kickstarter.com/discover/advanced?category_id=16&woe_id=0&sort=magic&seed=2569455&page=10
1542028267926	Marionette	DEBUG	[6442450945] Received DOM event unload for https://www.kickstarter.com/discover/advanced?category_id=16&woe_id=0&sort=magic&seed=2569455&page=10
1542028268174	Marionette	DEBUG	[6442450945] Received observer notification outer-window-destroyed for 6442451079
1542028268174	Marionette	DEBUG	[6442450945] Received observer notification outer-window-destroyed for 6442451078
1542028268175	Marionette	DEBUG	[6442450945] Received observer notification outer-window-destroyed for 6442451084
1542028269248	Marionette	DEBUG	[6442450945] Received DOM event DOMContentLoaded for https://www.kickstarter.com/discover/advanced?category_id=16&woe_id=0&sort=magic&seed=2569455&page=11
1542028270139	Marionette	DEBUG	[6442450945] Received DOM event pageshow for https://www.kickstarter.com/discover/advanced?category_id=16&woe_id=0&sort=magic&seed=2569455&page=11
1542028270640	Marionette	DEBUG	[6442450945] Received DOM event beforeunload for https://www.kickstarter.com/discover/advanced?category_id=16&woe_id=0&sort=magic&seed=2569455&page=11
1542028271687	Marionette	DEBUG	[6442450945] Received DOM event pagehide for https://www.kickstarter.com/discover/advanced?category_id=16&woe_id=0&sort=magic&seed=2569455&page=11
1542028271688	Marionette	DEBUG	[6442450945] Received DOM event unload for https://www.kickstarter.com/discover/advanced?category_id=16&woe_id=0&sort=magic&seed=2569455&page=11
1542028271955	Marionette	DEBUG	[6442450945] Received observer notification outer-window-destroyed for 6442451094
1542028271956	Marionette	DEBUG	[6442450945] Received observer notification outer-window-destroyed for 6442451093
1542028271956	Marionette	DEBUG	[6442450945] Received observer notification outer-window-destroyed for 6442451099
1542028272786	Marionette	DEBUG	[6442450945] Received DOM event DOMContentLoaded for https://www.kickstarter.com/discover/advanced?category_id=16&woe_id=0&sort=magic&seed=2569455&page=12
1542028273565	Marionette	DEBUG	[6442450945] Received DOM event pageshow for https://www.kickstarter.com/discover/advanced?category_id=16&woe_id=0&sort=magic&seed=2569455&page=12
1542028274074	Marionette	DEBUG	[6442450945] Received DOM event beforeunload for https://www.kickstarter.com/discover/advanced?category_id=16&woe_id=0&sort=magic&seed=2569455&page=12
1542028275037	Marionette	DEBUG	[6442450945] Received DOM event pagehide for https://www.kickstarter.com/discover/advanced?category_id=16&woe_id=0&sort=magic&seed=2569455&page=12
1542028275039	Marionette	DEBUG	[6442450945] Received DOM event unload for https://www.kickstarter.com/discover/advanced?category_id=16&woe_id=0&sort=magic&seed=2569455&page=12
1542028275894	Marionette	DEBUG	[6442450945] Received DOM event DOMContentLoaded for https://www.kickstarter.com/discover/advanced?category_id=16&woe_id=0&sort=magic&seed=2569455&page=13
1542028276039	Marionette	DEBUG	[6442450945] Received observer notification outer-window-destroyed for 6442451110
1542028276039	Marionette	DEBUG	[6442450945] Received observer notification outer-window-destroyed for 6442451108
1542028276040	Marionette	DEBUG	[6442450945] Received observer notification outer-window-destroyed for 6442451113
1542028277068	Marionette	DEBUG	[6442450945] Received DOM event pageshow for https://www.kickstarter.com/discover/advanced?category_id=16&woe_id=0&sort=magic&seed=2569455&page=13
1542028277625	Marionette	INFO	Stopped listening on port 53146
[Child 9744, Chrome_ChildThread] WARNING: pipe error: 109: file z:/build/build/src/ipc/chromium/src/chrome/common/ipc_channel_win.cc, line 346
[Child 97[Parent 12744, Gecko_IOThread] WARNING: pipe error: 109: file z:/build/build/src/ipc/chromium/src/chrome/common/ipc_channel_win.cc, line 346
[GPU 9
###!!! [Child][MessageChannel::SendAndWait] Error: Channel error: cannot send/recv

1547395060809	mozrunner::runner	INFO	Running command: "C:\\Program Files (x86)\\Mozilla Firefox\\firefox.exe" "-marionette" "-foreground" "-no-remote" "-profile" "C:\\Users\\Royz\\AppData\\Local\\Temp\\rust_mozprofile.ILtGVlRt9DUp"
console.error: "Could not write session state file " (new Error("_initWorker called too early! Please read the session file from disk first.", "resource:///modules/sessionstore/SessionFile.jsm", 334)) "_initWorker/<@resource:///modules/sessionstore/SessionFile.jsm:334:15\n_initWorker@resource:///modules/sessionstore/SessionFile.jsm:327:12\n_postToWorker@resource:///modules/sessionstore/SessionFile.jsm:351:11\nwrite@resource:///modules/sessionstore/SessionFile.jsm:390:19\nwrite@resource:///modules/sessionstore/SessionFile.jsm:63:12\n_writeState@resource:///modules/sessionstore/SessionSaver.jsm:357:12\n_saveState@resource:///modules/sessionstore/SessionSaver.jsm:295:12\n_saveStateAsync@resource:///modules/sessionstore/SessionSaver.jsm:341:5\nsaveStateAsyncWhenIdle@resource:///modules/sessionstore/SessionSaver.jsm:192:9\n"
1547395078826	Marionette	INFO	Listening on port 61083
1547395079256	Marionette	WARN	TLS certificate errors will be ignored for this session
console.error: BroadcastService: 
  receivedBroadcastMessage: handler for
  remote-settings/monitor_changes
  threw error:
  Message: Error: Polling for changes failed: NetworkError when attempting to fetch resource..
  Stack:
    remoteSettingsFunction/remoteSettings.pollChanges@resource://services-settings/remote-settings.js:721:13

1547395218609	mozrunner::runner	INFO	Running command: "C:\\Program Files (x86)\\Mozilla Firefox\\firefox.exe" "-marionette" "-foreground" "-no-remote" "-profile" "C:\\Users\\Royz\\AppData\\Local\\Temp\\rust_mozprofile.QUTgGTKkXX2k"
1547395226305	Marionette	INFO	Listening on port 61463
1547395226320	Marionette	WARN	TLS certificate errors will be ignored for this session
1547395791643	mozrunner::runner	INFO	Running command: "C:\\Program Files (x86)\\Mozilla Firefox\\firefox.exe" "-marionette" "-foreground" "-no-remote" "-profile" "C:\\Users\\Royz\\AppData\\Local\\Temp\\rust_mozprofile.PA7fmyvAjsl5"
[GFX1-]: ClientLayerManager::BeginTransaction with IPC channel down. GPU process may have died.
1547395809247	Marionette	INFO	Listening on port 62422
1547395809952	Marionette	WARN	TLS certificate errors will be ignored for this session
console.error: BroadcastService: 
  receivedBroadcastMessage: handler for
  remote-settings/monitor_changes
  threw error:
  Message: Error: Polling for changes failed: NetworkError when attempting to fetch resource..
  Stack:
    remoteSettingsFunction/remoteSettings.pollChanges@resource://services-settings/remote-settings.js:721:13

[GFX1-]: Receive IPC close with reason=AbnormalShutdown

###!!! [Child][MessageChannel] Error: (msgtype=0x510015,name=PLayerTransaction::Msg_ClearCachedResources) Channel error: cannot send/recv


###!!! [Child][MessageChannel] Error: (msgtype=0x830003,name=PTexture::Msg_Destroy) Channel error: cannot send/recv


###!!! [Child][MessageChannel] Error: (msgtype=0x510006,name=PLayerTransaction::Msg_ReleaseCompositable) Channel error: cannot send/recv


###!!! [Child][MessageChannel] Error: (msgtype=0x510005,name=PLayerTransaction::Msg_ReleaseLayer) Channel error: cannot send/recv


###!!! [Child][MessageChannel] Error: (msgtype=0x510005,name=PLayerTransaction::Msg_ReleaseLayer) Channel error: cannot send/recv


###!!! [Child][MessageChannel] Error: (msgtype=0x510005,name=PLayerTransaction::Msg_ReleaseLayer) Channel error: cannot send/recv


###!!! [Child][MessageChannel] Error: (msgtype=0x51001E,name=PLayerTransaction::Msg_Shutdown) Channel error: cannot send/recv


###!!! [Child][MessageChannel::SendAndWait] Error: (msgtype=0x2C0016,name=PCompositorBridge::Msg_WillClose) Channel error: cannot send/recv

1547395991875	mozrunner::runner	INFO	Running command: "C:\\Program Files (x86)\\Mozilla Firefox\\firefox.exe" "-marionette" "-foreground" "-no-remote" "-profile" "C:\\Users\\Royz\\AppData\\Local\\Temp\\rust_mozprofile.zq97O8SskDmG"
1547395998507	mozrunner::runner	INFO	Running command: "C:\\Program Files (x86)\\Mozilla Firefox\\firefox.exe" "-marionette" "-foreground" "-no-remote" "-profile" "C:\\Users\\Royz\\AppData\\Local\\Temp\\rust_mozprofile.krR1y4piAX7o"
1547396003761	Marionette	INFO	Listening on port 62836
1547396003969	Marionette	WARN	TLS certificate errors will be ignored for this session
[GFX1-]: Receive IPC close with reason=AbnormalShutdown
[GFX1-]: Receive IPC close with reason=AbnormalShutdown

###!!! [Child][MessageChannel] Error: (msgtype=0x510015,name=PLayerTransaction::Msg_ClearCachedResources) Channel error: cannot send/recv


###!!! [Child][MessageChannel] Error: (msgtype=0x830003,name=PTexture::Msg_Destroy) Channel error: cannot send/recv


###!!! [Child][MessageChannel] Error: (msgtype=0x510006,name=PLayerTransaction::Msg_ReleaseCompositable) Channel error: cannot send/recv


###!!! [Child][MessageChannel] Error: (msgtype=0x830003,name=PTexture::Msg_Destroy) Channel error: cannot send/recv


###!!! [Child][MessageChannel] Error: (msgtype=0x510006,name=PLayerTransaction::Msg_ReleaseCompositable) Channel error: cannot send/recv


###!!! [Child][MessageChannel] Error: (msgtype=0x830003,name=PTexture::Msg_Destroy) Channel error: cannot send/recv


###!!! [Child][MessageChannel] Error: (msgtype=0x510006,name=PLayerTransaction::Msg_ReleaseCompositable) Channel error: cannot send/recv


###!!! [Child][MessageChannel] Error: (msgtype=0x510005,name=PLayerTransaction::Msg_ReleaseLayer) Channel error: cannot send/recv


###!!! [Child][MessageChannel] Error: (msgtype=0x510005,name=PLayerTransaction::Msg_ReleaseLayer) Channel error: cannot send/recv


###!!! [Child][MessageChannel] Error: (msgtype=0x510005,name=PLayerTransaction::Msg_ReleaseLayer) Channel error: cannot send/recv


###!!! [Child][MessageChannel] Error: (msgtype=0x510005,name=PLayerTransaction::Msg_ReleaseLayer) Channel error: cannot send/recv


###!!! [Child][MessageChannel] Error: (msgtype=0x510005,name=PLayerTransaction::Msg_ReleaseLayer) Channel error: cannot send/recv


###!!! [Child][MessageChannel] Error: (msgtype=0x510005,name=PLayerTransaction::Msg_ReleaseLayer) Channel error: cannot send/recv


###!!! [Child][MessageChannel] Error: (msgtype=0x510005,name=PLayerTransaction::Msg_ReleaseLayer) Channel error: cannot send/recv


###!!! [Child][MessageChannel] Error: (msgtype=0x510005,name=PLayerTransaction::Msg_ReleaseLayer) Channel error: cannot send/recv


###!!! [Child][MessageChannel] Error: (msgtype=0x51001E,name=PLayerTransaction::Msg_Shutdown) Channel error: cannot send/recv


###!!! [Child][MessageChannel::SendAndWait] Error: (msgtype=0x2C0016,name=PCompositorBridge::Msg_WillClose) Channel error: cannot send/recv

1547396299252	mozrunner::runner	INFO	Running command: "C:\\Program Files (x86)\\Mozilla Firefox\\firefox.exe" "-marionette" "-foreground" "-no-remote" "-profile" "C:\\Users\\Royz\\AppData\\Local\\Temp\\rust_mozprofile.NWSMG0ITqRwJ"
1547396324354	Marionette	INFO	Listening on port 63337
[Child 16052, Chrome_ChildThread] WARNING: pipe error: 109: file z:/build/build/src/ipc/chromium/src/chrome/common/ipc_channel_win.cc, line 346
[Child 16052, Chrome_ChildThread] WARNING: pipe error: 109: file z:/build/build/src/ipc/chromium/src/chrome/common/ipc1547396324602	Marionette	WARN	TLS certificate errors will be ignored for this session
[GFX1-]: Receive IPC close with reason=AbnormalShutdown
[GFX1-]: Receive IPC close with
###!!! [Child][MessageChannel] Error: (msgtype=0x510015,name=PLayerTransaction::Msg_ClearCachedResources) Channel error: cannot send/recv

 r
###!!! [Child][MessageChannel] Error: (msgtype=0x830003,name=PTexture::Msg_Destroy) Channel error: cannot send/recv

eason=AbnormalShutdown

###!!! [Child][MessageChannel] Error: (msgtype=0x510006,name=PLayerTransaction::Msg_ReleaseCompositable) Channel error: cannot send/recv


###!!! [Child][MessageChannel] Error: (msgtype=0x510005,name=PLayerTransaction::Msg_ReleaseLayer) Channel error: cannot send/recv


###!!! [Child][MessageChannel] Error: (msgtype=0x510005,name=PLayerTransaction::Msg_ReleaseLayer) Channel error: cannot send/recv


###!!! [Child][MessageChannel] Error: (msgtype=0x510005,name=PLayerTransaction::Msg_ReleaseLayer) Channel error: cannot send/recv


###!!! [Child][MessageChannel] Error: (msgtype=0x51001E,name=PLayerTransaction::Msg_Shutdown) Channel error: cannot send/recv


###!!! [Child][MessageChannel::SendAndWait] Error: (msgtype=0x2C0016,name=PCompositorBridge::Msg_WillClose) Channel error: cannot send/recv

1547396357160	mozrunner::runner	INFO	Running command: "C:\\Program Files (x86)\\Mozilla Firefox\\firefox.exe" "-marionette" "-foreground" "-no-remote" "-profile" "C:\\Users\\Royz\\AppData\\Local\\Temp\\rust_mozprofile.nqShb2hqmpTX"
1547396367953	Marionette	INFO	Listening on port 63490
1547396368195	Marionette	WARN	TLS certificate errors will be ignored for this session
console.error: BroadcastService: 
  receivedBroadcastMessage: handler for
  remote-settings/monitor_changes
  threw error:
  Message: Error: Polling for changes failed: NetworkError when attempting to fetch resource..
  Stack:
    remoteSettingsFunction/remoteSettings.pollChanges@resource://services-settings/remote-settings.js:721:13

1547396578183	Marionette	INFO	Stopped listening on port 63490
[Parent 16032, Gecko_IOThread] WARNING: pipe error: 109: file z:/build/build/src/ipc/chromium/src/chrome/common/ipc_channel_win.cc, line 346
[Child 4204, Chrome_ChildThread] WARNING: pipe error: 109: file z:/build/build/src/ipc/chromium/src/chrome/common/ipc_channel_win.cc, line 346[
Child [Child 42228, Chrome_ChildThread] WARNING: pipe error: 109: file z:/build/build/src/ipc/chromium/src/chrome/common/ipc_channel_win.cc, line 346
[Child 2228, Chrome_ChildThread] WARNING: pipe error: 109: file z:/build/build/src/ipc/chromium/src/chrome/common/ipc_channel_win.cc, line 346

###!!! [Child][RunMessage] Error: Channel closing: too late to send/recv, messages will be lost


###!!! [Child][RunMessage] Error: Channel closing: too late to send/recv, messages will be lost

[Parent 16032, Gecko_IOThread] WARNING: pipe error: 109: file z:/build/build/src/ipc/chromium/src/chrome/common/ipc_channel_win.cc, line 346
[Child 6384, Chrome_ChildThread] WARNING: pipe error: 109: file z:/build/build/src/ipc/chromium/src/chrome/common/ipc_channel_win.cc, line 346
[Child 
###!!! [Child][RunMessage] Error: Channel closing: too late to send/recv, messages will be lost

[GPU 161547396670002	mozrunner::runner	INFO	Running command: "C:\\Program Files (x86)\\Mozilla Firefox\\firefox.exe" "-marionette" "-foreground" "-no-remote" "-profile" "C:\\Users\\Royz\\AppData\\Local\\Temp\\rust_mozprofile.9dsH6YxDgyMC"
1547396678387	Marionette	INFO	Listening on port 64032
1547396678842	Marionette	WARN	TLS certificate errors will be ignored for this session
[Parent 14808, Gecko_IOThread] WARNING: pipe error: 109: file z:/build/build/src/ipc/chromium/src/chrome/common/ipc_channel_win.cc, line 346
[Parent 14808, Gecko_IOThread] WARNING: pipe error: 109: file z:/build/build/src/ipc/chromium/src/chrome/common/ipc_channel_win.cc, line 346
[Child 3976, Chrome_ChildThread] WARNING: pipe error: 109: file z:/build/build/src/ipc/chromium/src/chrome/common/ipc_channel_win.cc, line 346
[Chil[Parent 14808, Gecko_IOThread] WARNING: pipe error: 109: file z:/build/build/src/ipc/chromium/src/chrome/common/ipc_channel_win.cc, line 346
[Child 10028, Chrome_ChildThread] WARNING: pipe error: 109: file z:/build/build/src/ipc/chromium/src/chrome/common/ipc_channel_win.cc, line 346
[Child1547396706865	Marionette	INFO	Stopped listening on port 64032

###!!! [Child][MessageChannel::SendAndWait] Error: Channel error: cannot send/recv

1547396711474	mozrunner::runner	INFO	Running command: "C:\\Program Files (x86)\\Mozilla Firefox\\firefox.exe" "-marionette" "-foreground" "-no-remote" "-profile" "C:\\Users\\Royz\\AppData\\Local\\Temp\\rust_mozprofile.6oqM4AlE0ebj"
1547396717318	Marionette	INFO	Listening on port 64138
1547396717568	Marionette	WARN	TLS certificate errors will be ignored for this session
console.error: BroadcastService: 
  receivedBroadcastMessage: handler for
  remote-settings/monitor_changes
  threw error:
  Message: Error: Polling for changes failed: NetworkError when attempting to fetch resource..
  Stack:
    remoteSettingsFunction/remoteSettings.pollChanges@resource://services-settings/remote-settings.js:721:13

1547396919168	Marionette	INFO	Stopped listening on port 64138
[Parent 14472, Gecko_IOThread] WARNING: pipe error: 109: file z:/build/build/src/ipc/chromium/src/chrome/common/ipc_channel_win.cc, line 346
[Child 6088, Chrome_ChildThread] WARNING: pipe error: 232: file z:/build/build/src/ipc/chromium/src/chrome/common/ipc_channel_win.cc, line 513
[Child 6088, Chrome_ChildThread] WARNING: pipe error: 109: file z:/build/build/src/ipc/chromium/src/chrome/common/ipc_channel_win.cc, line 346
[Child 6088, Chro[Parent 14472, Gecko_IOThread] WARNING: pipe error: 109: file z:/build/build/src/ipc/chromium/src/chrome/common/ipc_channel_win.cc, line 346
[Child 16160, Chrome_ChildThread] WARNING: pipe error: 109: file z:/build/build/src/ipc/chromium/src/chrome/common/ipc_channel_win.cc, line 346
[Child 16
###!!! [Child][RunMessage] Error: Channel closing: too late to send/recv, messages will be lost

[G
###!!! [Child][MessageChannel::SendAndWait] Error: Channel error: cannot send/recv

1547396992448	mozrunner::runner	INFO	Running command: "C:\\Program Files (x86)\\Mozilla Firefox\\firefox.exe" "-marionette" "-foreground" "-no-remote" "-profile" "C:\\Users\\Royz\\AppData\\Local\\Temp\\rust_mozprofile.6QB0yeJuQpFk"
1547396998127	Marionette	INFO	Listening on port 64601
1547396998169	Marionette	WARN	TLS certificate errors will be ignored for this session
[Parent 8552, Gecko_IOThread] WARNING: pipe error: 109: file z:/build/build/src/ipc/chromium/src/chrome/common/ipc_channel_win.cc, line 346
[Parent 8552, Gecko_IOThread] WARNING: pipe error: 109: file z:/build/build/src/ipc/chromium/src/chrome/common/ipc_channel_win.cc, line 346
[Child 4436, Chrome_ChildThread] WARNING: pipe error: 232: file[Child 1692, Chrome_ChildThread] WARNING: pipe error: 109: file z:/build/build/src/ipc/chromium/src/chrome/common/ipc_channel_win.cc, line 346 z:/build/build/src/ipc/chromiu
m/src/chrome/common/ipc_channel_win.cc, line 513[
Child 1692, Chrome_Ch[Chiildld 4436, Chrome_ChildTh[Parent 8552, Gecko_IOThread] WARNING: pipe error: 109: file z:/build/build/src/ipc/chromium/src/chrome/common/ipc_channel_win.cc, line 346
1547397261595	Marionette	INFO	Stopped listening on port 64601
[GPU 2268, Chrome_ChildThread] WARNING: pipe error: 109: file z:/build/build/src/ipc/chromium/src
###!!! [Child][RunMessage] Error: Channel closing: too late to send/recv, messages will be lost

/chrome/common/ipc_channel_win.cc,
###!!! [Child][MessageChannel::SendAndWait] Error: Channel error: cannot send/recv

hannel::SendAndWait] Error: Channel error: cannot send/recv

1547397096560	mozrunner::runner	INFO	Running command: "C:\\Program Files (x86)\\Mozilla Firefox\\firefox.exe" "-marionette" "-foreground" "-no-remote" "-profile" "C:\\Users\\Royz\\AppData\\Local\\Temp\\rust_mozprofile.oBvdqIUSEojJ"
1547397106074	Marionette	INFO	Listening on port 64863
1547397106562	Marionette	WARN	TLS certificate errors will be ignored for this session
1547397142264	Marionette	INFO	Stopped listening on port 64863
[Child 7392, Chrome_ChildThread] WARNING: pipe error: 109: file z:/build/build/src/ipc/chromium/src/chrome/common/ipc_channel_win.cc, line 346
[C[Parent 12672, Gecko_IOThread] WARNING: pipe error: 109: file z:/build/build/src/ipc/chromium/src/chrome/common/ipc_channel_win.cc, line 346
[Child 12272, Chrome_ChildThread] WARNING: pipe error: 109: file z:/build/build/src/ipc/chromium/src/chrome/common/ipc_channel_win.cc, line 346
[Child 12272, Chrome_ChildThread] WARNING: [Parent 12672, Gecko_IOThread] WARNING: pipe error: 109: file z:/build/build/src/ipc/chromium/src/chrome/common/ipc_channel_win.cc, line 346
[Child 9308, Chrome_ChildThread] WARNING: pipe error: 109: file z:/build/build/src/ipc/chromium/src/chrome/common/ipc_channel_win.cc, line 346
[Chi
###!!! [Child][RunMessage] Error: Channel closing: too late to send/recv, messages will be lost

[GP
###!!! [Child][MessageChannel::SendAndWait] Error: Channel error: cannot send/recv

1547397191311	mozrunner::runner	INFO	Running command: "C:\\Program Files (x86)\\Mozilla Firefox\\firefox.exe" "-marionette" "-foreground" "-no-remote" "-profile" "C:\\Users\\Royz\\AppData\\Local\\Temp\\rust_mozprofile.CdvhDhaEoWgM"
1547397199042	Marionette	INFO	Listening on port 65079
1547397199554	Marionette	WARN	TLS certificate errors will be ignored for this session
console.error: BroadcastService: 
  receivedBroadcastMessage: handler for
  remote-settings/monitor_changes
  threw error:
  Message: Error: Polling for changes failed: NetworkError when attempting to fetch resource..
  Stack:
    remoteSettingsFunction/remoteSettings.pollChanges@resource://services-settings/remote-settings.js:721:13

1547397561980	Marionette	INFO	Stopped listening on port 65079
[Parent 16468, Gecko_IOThread] WARNING: pipe error: 109: file z:/build/build/src/ipc/chromium/src/chrome/common/ipc_channel_win.cc, line 346
[Child 15060, Chrome_ChildThread] WARNING: pipe error: 109: file z:/build/build/src/ipc/chromium/src/chrome/common/ipc_channel_win.cc, line 346
[Child 15060, Chrome_ChildThread] WARNING: pipe error: 109: file z:/build/build/src/ipc/chromium/src/chrome/common/ipc_channel_win.cc, line 346
[Parent 16468, Gecko_IOThread] WARNING: pipe error: 109: file z:/build/build/src/ipc/chromium/src/chrome/common/ipc_channel_win.cc, line 346
[Child 16268, Chrome_ChildThread] WARNING: pipe error: 109: file z:/build/build/src/ipc/chromium/src/chrome/common/ipc_channel_win.cc, line 346
[Child 162
###!!! [Child][RunMessage] Error: Channel closing: too late to send/recv, messages will be lost

[GPU 
###!!! [Child][MessageChannel::SendAndWait] Error: Channel error: cannot send/recv


###!!! [Child][RunMessage] Error: Channel closing: too late to send/recv, messages will be lost


###!!! [Child][RunMessage] Error: Channel closing: too late to send/recv, messages will be lost


###!!! [Child][RunMessage] Error: Channel closing: too late to send/recv, messages will be lost


###!!! [Child][RunMessage] Error: Channel closing: too late to send/recv, messages will be lost

1547397610373	mozrunner::runner	INFO	Running command: "C:\\Program Files (x86)\\Mozilla Firefox\\firefox.exe" "-marionette" "-foreground" "-no-remote" "-profile" "C:\\Users\\Royz\\AppData\\Local\\Temp\\rust_mozprofile.xv6X4a4SnOY6"
1547397626647	Marionette	INFO	Listening on port 49470
1547397626893	Marionette	WARN	TLS certificate errors will be ignored for this session
1547397656238	Marionette	INFO	Stopped listening on port 49470
[Child 15764, Chrome_ChildThread] WARNING: pipe error: 109: file z:/build/build/src/ipc/chromium/src/chrome/common/ipc_channel_win.cc, line 346
[Child 15764, Chrome_ChildThread] WARNING: pipe error: 109: file z:/build/build/src/ipc/chromium/src/chrome/common/ipc_channel_win.cc, line 346
[Child 17244, Chrome_ChildThread] WARNING: pipe error: 232: file z:/build/build/src/ipc/chromium/src/chrome/common/ipc_channel_win.cc, line 513
[Child 17244, Chrome_ChildThread] WARNING: pipe error: 232: file z:/build/build/src/ipc/chromium/src/chrome/common/ipc_channel_win.cc, line 513
[Child 17244, Chrome_ChildThread] WARNING: pipe error: 232: file z:/build/build/src/ipc/chromium/src/chrome/common/ipc_channel_win.cc, line 513
[Child 17244, Chrome_ChildThread] WARNING: pipe error: 109: file z:/build/build/src/ipc/chromium/src/chrome/common/ipc_channel_win.cc, line 346
[Child 17244, Chrome_ChildThread] WARNING: pipe error: 232: file z:/build/build/src/ipc/chromium/src/chrome/common/ipc_channel_win.cc, line 513
[Child 17244, Chrome_ChildThread] WARNING: pipe error: 109: file z:/build/build/src/ipc/chromium/src/chrome/common/ipc_channel_win.cc, line 346
[Parent 2488, Gecko_IOThread] WARNING: pipe error: 109: file z:/build/build/src/ipc/chromium/src/chrome/common/ipc_channel_win.cc, line 346
[Child 8552, Chrome_ChildThread] WARNING: pipe error: 109: file z:/build/build/src/ipc/chromium/src/chrome/common/ipc_channel_win.cc, line 346
[Child 
###!!! [Child][RunMessage] Error: Channel closing: too late to send/recv, messages will be lost

[G
###!!! [Child][MessageChannel::SendAndWait] Error: Channel error: cannot send/recv

1547397682493	mozrunner::runner	INFO	Running command: "C:\\Program Files (x86)\\Mozilla Firefox\\firefox.exe" "-marionette" "-foreground" "-no-remote" "-profile" "C:\\Users\\Royz\\AppData\\Local\\Temp\\rust_mozprofile.0BpID2CmAH5Q"
1547397689048	Marionette	INFO	Listening on port 49646
1547397689126	Marionette	WARN	TLS certificate errors will be ignored for this session
1547397700568	Marionette	INFO	Stopped listening on port 49646
[Child 1996, Chrome_ChildThread] WARNING: pipe error: 109: file z:/build/build/src/ipc/chromium/src/chrome/common/ipc_channel_win.cc, line 346
[Child 1996, Chrome_ChildThread] [Child 9928, Chrome_ChildThread] WARNING: pipe error: 232: file z:/build/build/src/ipc/chromium/src/chrome/common/ipc_channel_win.cc, line 513
[Child 9928, Chrome
###!!! [Child][RunMessage] Error: Channel closing: too late to send/recv, messages will be lost

_ChildThread] WARNING: pipe [Parent 13492, Gecko_IOThread] WARNING: pipe error: 109: file z:/build/build/src/ipc/chromium/src/chrome/common/ipc_channel_win.cc, line 346

###!!! [Child][RunMessage] Error: Channel closing: too late to send/recv, messages will be lost

[G
###!!! [Child][MessageChannel::SendAndWait] Error: Channel error: cannot send/recv

1547397990406	mozrunner::runner	INFO	Running command: "C:\\Program Files (x86)\\Mozilla Firefox\\firefox.exe" "-marionette" "-foreground" "-no-remote" "-profile" "C:\\Users\\Royz\\AppData\\Local\\Temp\\rust_mozprofile.KMYIa8ccvqqS"
1547397996443	Marionette	INFO	Listening on port 50132
1547397996503	Marionette	WARN	TLS certificate errors will be ignored for this session
1547398007796	Marionette	INFO	Stopped listening on port 50132
[Child 11052, Chrome_ChildThread] WARNING: pipe error: 109: file z:/build/build/src/ipc/chromium/src/chrome/common/ipc_channel_win.cc, line 346
[Child 11052, Chrome_ChildThread][Parent 14020, Gecko_IOThread] WARNING: pipe error: 109: file z:/build/build/src/ipc/chromium/src/chrome/common/ipc_channel_win.cc, line 346
JavaScript error: resource://gre/modules/WebProgressChild.jsm, line 58: TypeError: this.mm.content is null
[Child 872, Chrome_C
###!!! [Child][RunMessage] Error: Channel closing: too late to send/recv, messages will be lost

hildThread] WARNING: pipe error: 109: file z:/build/build/src/ipc/chromium/src/chrome/common/ipc_channel_win.cc, line 346

###!!! [Child][RunMessage] Error: Channel closing: too late to send/recv, messages will be lost

[Child 872, Chrome_ChildThread] WARNING: pipe error: 109: file z:
###!!! [Child][MessageChannel] Error: (msgtype=0x4C000E,name=PHttpChannel::Msg_DeletingChannel) Channel closing: too late to send/recv, messages will be lost

/build/build/src/ipc/chromium/src/chrome[G
###!!! [Child][MessageChannel::SendAndWait] Error: Channel error: cannot send/recv

1547398068534	mozrunner::runner	INFO	Running command: "C:\\Program Files (x86)\\Mozilla Firefox\\firefox.exe" "-marionette" "-foreground" "-no-remote" "-profile" "C:\\Users\\Royz\\AppData\\Local\\Temp\\rust_mozprofile.19Vwr0Sh5Ecx"
1547398073023	Marionette	INFO	Listening on port 50285
1547398073498	Marionette	WARN	TLS certificate errors will be ignored for this session
JavaScript error: https://dab4rbh62k56j.cloudfront.net/js/AppEntry.cccc0f5636.js, line 1: TypeError: e.resultData is null
console.error: BroadcastService: 
  receivedBroadcastMessage: handler for
  remote-settings/monitor_changes
  threw error:
  Message: Error: Polling for changes failed: NetworkError when attempting to fetch resource..
  Stack:
    remoteSettingsFunction/remoteSettings.pollChanges@resource://services-settings/remote-settings.js:721:13

1547398132339	Marionette	INFO	Stopped listening on port 50285
[Child 11404, Chrome_ChildThread] WARNING: pipe error: 109: file z:/build/build/src/ipc/chromium/src/chrome/common/ipc_channel_win.cc, line 346
[ChiJavaScript error: resource://gre/modules/WebProgressChild.jsm, line 58: TypeError: this.mm.content is null
[Parent 11812, Gecko_IOThread] WARNING: pipe error: 109: file z:/build/build/src/ipc/chromium/src/chrome/common/ipc_channel_win.cc, line 346
[Parent 11812, Gecko_IOThread] WARNING: pipe error: 109: file z:/build/build/src/ipc/chromium/src/chrome/common/ipc_channel_win.cc, line 346
[Child 2288, Chrome_ChildThread] WARNING: pipe error: 109: file z:/build/build/src/ipc/chromium/src/chrome/common/ipc_channel_win.cc, line 346
[Child 
###!!! [Child][RunMessage] Error: Channel closing: too late to send/recv, messages will be lost

[GP
###!!! [Child][MessageChannel::SendAndWait] Error: Channel error: cannot send/recv

